{"D:\\Alessia\\Documents\\Universita\\III anno\\Tecnologie Web\\Progetto\\Backend\\src\\config\\sequelize.ts": {"path":"D:\\Alessia\\Documents\\Universita\\III anno\\Tecnologie Web\\Progetto\\Backend\\src\\config\\sequelize.ts","statementMap":{"0":{"start":{"line":1,"column":0},"end":{"line":1,"column":38}},"1":{"start":{"line":2,"column":0},"end":{"line":2,"column":28}},"2":{"start":{"line":5,"column":0},"end":{"line":5,"column":16}},"3":{"start":{"line":12,"column":13},"end":{"line":22,"column":2}},"4":{"start":{"line":28,"column":25},"end":{"line":36,"column":1}},"5":{"start":{"line":29,"column":2},"end":{"line":35,"column":3}},"6":{"start":{"line":30,"column":4},"end":{"line":30,"column":35}},"7":{"start":{"line":31,"column":4},"end":{"line":31,"column":54}},"8":{"start":{"line":33,"column":4},"end":{"line":33,"column":57}},"9":{"start":{"line":34,"column":4},"end":{"line":34,"column":20}},"10":{"start":{"line":28,"column":13},"end":{"line":28,"column":25}}},"fnMap":{"0":{"name":"(anonymous_1)","decl":{"start":{"line":28,"column":25},"end":{"line":28,"column":30}},"loc":{"start":{"line":28,"column":36},"end":{"line":36,"column":1}}}},"branchMap":{"0":{"loc":{"start":{"line":18,"column":10},"end":{"line":18,"column":45}},"type":"binary-expr","locations":[{"start":{"line":18,"column":10},"end":{"line":18,"column":37}},{"start":{"line":18,"column":41},"end":{"line":18,"column":45}}]}},"s":{"0":20,"1":20,"2":20,"3":20,"4":20,"5":0,"6":0,"7":0,"8":0,"9":0,"10":20},"f":{"0":0},"b":{"0":[20,0]}}
,"D:\\Alessia\\Documents\\Universita\\III anno\\Tecnologie Web\\Progetto\\Backend\\src\\models\\Notification.ts": {"path":"D:\\Alessia\\Documents\\Universita\\III anno\\Tecnologie Web\\Progetto\\Backend\\src\\models\\Notification.ts","statementMap":{"0":{"start":{"line":1,"column":0},"end":{"line":1,"column":55}},"1":{"start":{"line":2,"column":0},"end":{"line":2,"column":48}},"2":{"start":{"line":33,"column":0},"end":{"line":33,"column":13}},"3":{"start":{"line":55,"column":0},"end":{"line":98,"column":2}},"4":{"start":{"line":100,"column":0},"end":{"line":100,"column":28}}},"fnMap":{},"branchMap":{},"s":{"0":3,"1":3,"2":3,"3":3,"4":3},"f":{},"b":{}}
,"D:\\Alessia\\Documents\\Universita\\III anno\\Tecnologie Web\\Progetto\\Backend\\src\\models\\PasswordReset.ts": {"path":"D:\\Alessia\\Documents\\Universita\\III anno\\Tecnologie Web\\Progetto\\Backend\\src\\models\\PasswordReset.ts","statementMap":{"0":{"start":{"line":1,"column":0},"end":{"line":1,"column":55}},"1":{"start":{"line":2,"column":0},"end":{"line":2,"column":48}},"2":{"start":{"line":26,"column":0},"end":{"line":26,"column":13}},"3":{"start":{"line":39,"column":0},"end":{"line":68,"column":2}}},"fnMap":{},"branchMap":{},"s":{"0":2,"1":2,"2":2,"3":2},"f":{},"b":{}}
,"D:\\Alessia\\Documents\\Universita\\III anno\\Tecnologie Web\\Progetto\\Backend\\src\\models\\Restaurant.ts": {"path":"D:\\Alessia\\Documents\\Universita\\III anno\\Tecnologie Web\\Progetto\\Backend\\src\\models\\Restaurant.ts","statementMap":{"0":{"start":{"line":1,"column":0},"end":{"line":1,"column":55}},"1":{"start":{"line":2,"column":0},"end":{"line":2,"column":48}},"2":{"start":{"line":33,"column":0},"end":{"line":33,"column":13}},"3":{"start":{"line":50,"column":0},"end":{"line":92,"column":2}},"4":{"start":{"line":94,"column":0},"end":{"line":94,"column":26}}},"fnMap":{},"branchMap":{},"s":{"0":5,"1":5,"2":5,"3":5,"4":5},"f":{},"b":{}}
,"D:\\Alessia\\Documents\\Universita\\III anno\\Tecnologie Web\\Progetto\\Backend\\src\\models\\Review.ts": {"path":"D:\\Alessia\\Documents\\Universita\\III anno\\Tecnologie Web\\Progetto\\Backend\\src\\models\\Review.ts","statementMap":{"0":{"start":{"line":1,"column":0},"end":{"line":1,"column":55}},"1":{"start":{"line":2,"column":0},"end":{"line":2,"column":48}},"2":{"start":{"line":29,"column":0},"end":{"line":29,"column":13}},"3":{"start":{"line":43,"column":0},"end":{"line":82,"column":2}},"4":{"start":{"line":84,"column":0},"end":{"line":84,"column":22}}},"fnMap":{},"branchMap":{},"s":{"0":3,"1":3,"2":3,"3":3,"4":3},"f":{},"b":{}}
,"D:\\Alessia\\Documents\\Universita\\III anno\\Tecnologie Web\\Progetto\\Backend\\src\\models\\User.ts": {"path":"D:\\Alessia\\Documents\\Universita\\III anno\\Tecnologie Web\\Progetto\\Backend\\src\\models\\User.ts","statementMap":{"0":{"start":{"line":1,"column":0},"end":{"line":1,"column":55}},"1":{"start":{"line":2,"column":0},"end":{"line":2,"column":48}},"2":{"start":{"line":3,"column":0},"end":{"line":3,"column":47}},"3":{"start":{"line":46,"column":4},"end":{"line":46,"column":62}},"4":{"start":{"line":56,"column":4},"end":{"line":56,"column":29}},"5":{"start":{"line":28,"column":0},"end":{"line":28,"column":13}},"6":{"start":{"line":64,"column":0},"end":{"line":98,"column":2}},"7":{"start":{"line":100,"column":0},"end":{"line":100,"column":20}}},"fnMap":{"0":{"name":"(anonymous_0)","decl":{"start":{"line":45,"column":2},"end":{"line":45,"column":7}},"loc":{"start":{"line":45,"column":43},"end":{"line":47,"column":3}}},"1":{"name":"(anonymous_1)","decl":{"start":{"line":55,"column":2},"end":{"line":55,"column":12}},"loc":{"start":{"line":55,"column":30},"end":{"line":57,"column":3}}}},"branchMap":{},"s":{"0":7,"1":7,"2":7,"3":1,"4":1,"5":7,"6":7,"7":7},"f":{"0":1,"1":1},"b":{}}
,"D:\\Alessia\\Documents\\Universita\\III anno\\Tecnologie Web\\Progetto\\Backend\\src\\models\\VoteRestaurant.ts": {"path":"D:\\Alessia\\Documents\\Universita\\III anno\\Tecnologie Web\\Progetto\\Backend\\src\\models\\VoteRestaurant.ts","statementMap":{"0":{"start":{"line":1,"column":0},"end":{"line":1,"column":55}},"1":{"start":{"line":2,"column":0},"end":{"line":2,"column":48}},"2":{"start":{"line":28,"column":0},"end":{"line":28,"column":13}},"3":{"start":{"line":43,"column":0},"end":{"line":82,"column":2}},"4":{"start":{"line":84,"column":0},"end":{"line":84,"column":30}}},"fnMap":{},"branchMap":{},"s":{"0":4,"1":4,"2":4,"3":4,"4":4},"f":{},"b":{}}
,"D:\\Alessia\\Documents\\Universita\\III anno\\Tecnologie Web\\Progetto\\Backend\\src\\models\\VoteReview.ts": {"path":"D:\\Alessia\\Documents\\Universita\\III anno\\Tecnologie Web\\Progetto\\Backend\\src\\models\\VoteReview.ts","statementMap":{"0":{"start":{"line":1,"column":0},"end":{"line":1,"column":55}},"1":{"start":{"line":2,"column":0},"end":{"line":2,"column":48}},"2":{"start":{"line":28,"column":0},"end":{"line":28,"column":13}},"3":{"start":{"line":43,"column":0},"end":{"line":82,"column":2}},"4":{"start":{"line":84,"column":0},"end":{"line":84,"column":26}}},"fnMap":{},"branchMap":{},"s":{"0":4,"1":4,"2":4,"3":4,"4":4},"f":{},"b":{}}
,"D:\\Alessia\\Documents\\Universita\\III anno\\Tecnologie Web\\Progetto\\Backend\\src\\repositories\\NotificationRepository.ts": {"path":"D:\\Alessia\\Documents\\Universita\\III anno\\Tecnologie Web\\Progetto\\Backend\\src\\repositories\\NotificationRepository.ts","statementMap":{"0":{"start":{"line":1,"column":0},"end":{"line":1,"column":31}},"1":{"start":{"line":2,"column":0},"end":{"line":2,"column":50}},"2":{"start":{"line":3,"column":0},"end":{"line":3,"column":38}},"3":{"start":{"line":4,"column":0},"end":{"line":4,"column":46}},"4":{"start":{"line":5,"column":0},"end":{"line":5,"column":34}},"5":{"start":{"line":19,"column":4},"end":{"line":19,"column":30}},"6":{"start":{"line":20,"column":4},"end":{"line":20,"column":24}},"7":{"start":{"line":28,"column":4},"end":{"line":46,"column":7}},"8":{"start":{"line":55,"column":4},"end":{"line":75,"column":7}},"9":{"start":{"line":83,"column":25},"end":{"line":83,"column":35}},"10":{"start":{"line":84,"column":4},"end":{"line":84,"column":53}},"11":{"start":{"line":86,"column":4},"end":{"line":109,"column":7}},"12":{"start":{"line":118,"column":18},"end":{"line":118,"column":49}},"13":{"start":{"line":119,"column":4},"end":{"line":119,"column":29}},"14":{"start":{"line":119,"column":16},"end":{"line":119,"column":29}},"15":{"start":{"line":121,"column":4},"end":{"line":121,"column":25}},"16":{"start":{"line":122,"column":4},"end":{"line":122,"column":23}},"17":{"start":{"line":123,"column":4},"end":{"line":123,"column":16}},"18":{"start":{"line":132,"column":20},"end":{"line":134,"column":null}},"19":{"start":{"line":136,"column":4},"end":{"line":136,"column":17}},"20":{"start":{"line":146,"column":18},"end":{"line":148,"column":6}},"21":{"start":{"line":149,"column":4},"end":{"line":149,"column":21}},"22":{"start":{"line":158,"column":4},"end":{"line":171,"column":7}},"23":{"start":{"line":175,"column":0},"end":{"line":175,"column":44}}},"fnMap":{"0":{"name":"(anonymous_1)","decl":{"start":{"line":18,"column":2},"end":{"line":18,"column":7}},"loc":{"start":{"line":18,"column":41},"end":{"line":21,"column":3}}},"1":{"name":"(anonymous_2)","decl":{"start":{"line":27,"column":2},"end":{"line":27,"column":7}},"loc":{"start":{"line":27,"column":27},"end":{"line":47,"column":3}}},"2":{"name":"(anonymous_3)","decl":{"start":{"line":54,"column":2},"end":{"line":54,"column":7}},"loc":{"start":{"line":54,"column":36},"end":{"line":76,"column":3}}},"3":{"name":"(anonymous_4)","decl":{"start":{"line":82,"column":2},"end":{"line":82,"column":7}},"loc":{"start":{"line":82,"column":42},"end":{"line":110,"column":3}}},"4":{"name":"(anonymous_5)","decl":{"start":{"line":117,"column":2},"end":{"line":117,"column":7}},"loc":{"start":{"line":117,"column":29},"end":{"line":124,"column":3}}},"5":{"name":"(anonymous_6)","decl":{"start":{"line":131,"column":2},"end":{"line":131,"column":7}},"loc":{"start":{"line":131,"column":37},"end":{"line":137,"column":3}}},"6":{"name":"(anonymous_7)","decl":{"start":{"line":145,"column":2},"end":{"line":145,"column":7}},"loc":{"start":{"line":145,"column":42},"end":{"line":150,"column":3}}},"7":{"name":"(anonymous_8)","decl":{"start":{"line":157,"column":2},"end":{"line":157,"column":7}},"loc":{"start":{"line":157,"column":41},"end":{"line":172,"column":3}}}},"branchMap":{"0":{"loc":{"start":{"line":119,"column":4},"end":{"line":119,"column":29}},"type":"if","locations":[{"start":{"line":119,"column":4},"end":{"line":119,"column":29}},{"start":{},"end":{}}]}},"s":{"0":2,"1":2,"2":2,"3":2,"4":2,"5":3,"6":2,"7":3,"8":3,"9":3,"10":3,"11":3,"12":3,"13":3,"14":1,"15":2,"16":2,"17":1,"18":3,"19":2,"20":3,"21":2,"22":3,"23":2},"f":{"0":3,"1":3,"2":3,"3":3,"4":3,"5":3,"6":3,"7":3},"b":{"0":[1,2]}}
,"D:\\Alessia\\Documents\\Universita\\III anno\\Tecnologie Web\\Progetto\\Backend\\src\\repositories\\PasswordResetRepository.ts": {"path":"D:\\Alessia\\Documents\\Universita\\III anno\\Tecnologie Web\\Progetto\\Backend\\src\\repositories\\PasswordResetRepository.ts","statementMap":{"0":{"start":{"line":1,"column":0},"end":{"line":1,"column":36}},"1":{"start":{"line":2,"column":0},"end":{"line":2,"column":56}},"2":{"start":{"line":3,"column":0},"end":{"line":3,"column":42}},"3":{"start":{"line":18,"column":18},"end":{"line":18,"column":26}},"4":{"start":{"line":19,"column":20},"end":{"line":19,"column":57}},"5":{"start":{"line":21,"column":4},"end":{"line":25,"column":7}},"6":{"start":{"line":27,"column":4},"end":{"line":27,"column":17}},"7":{"start":{"line":37,"column":19},"end":{"line":42,"column":6}},"8":{"start":{"line":44,"column":4},"end":{"line":44,"column":18}},"9":{"start":{"line":53,"column":4},"end":{"line":53,"column":54}},"10":{"start":{"line":57,"column":0},"end":{"line":57,"column":45}}},"fnMap":{"0":{"name":"(anonymous_0)","decl":{"start":{"line":17,"column":2},"end":{"line":17,"column":7}},"loc":{"start":{"line":17,"column":30},"end":{"line":28,"column":3}}},"1":{"name":"(anonymous_1)","decl":{"start":{"line":36,"column":2},"end":{"line":36,"column":7}},"loc":{"start":{"line":36,"column":33},"end":{"line":45,"column":3}}},"2":{"name":"(anonymous_2)","decl":{"start":{"line":52,"column":2},"end":{"line":52,"column":7}},"loc":{"start":{"line":52,"column":28},"end":{"line":54,"column":3}}}},"branchMap":{},"s":{"0":2,"1":2,"2":2,"3":3,"4":3,"5":3,"6":2,"7":3,"8":2,"9":3,"10":2},"f":{"0":3,"1":3,"2":3},"b":{}}
,"D:\\Alessia\\Documents\\Universita\\III anno\\Tecnologie Web\\Progetto\\Backend\\src\\repositories\\RestaurantRepository.ts": {"path":"D:\\Alessia\\Documents\\Universita\\III anno\\Tecnologie Web\\Progetto\\Backend\\src\\repositories\\RestaurantRepository.ts","statementMap":{"0":{"start":{"line":1,"column":0},"end":{"line":1,"column":50}},"1":{"start":{"line":2,"column":0},"end":{"line":2,"column":54}},"2":{"start":{"line":3,"column":0},"end":{"line":3,"column":48}},"3":{"start":{"line":4,"column":0},"end":{"line":4,"column":50}},"4":{"start":{"line":5,"column":0},"end":{"line":5,"column":34}},"5":{"start":{"line":17,"column":4},"end":{"line":17,"column":28}},"6":{"start":{"line":18,"column":4},"end":{"line":18,"column":22}},"7":{"start":{"line":26,"column":4},"end":{"line":26,"column":41}},"8":{"start":{"line":34,"column":4},"end":{"line":34,"column":60}},"9":{"start":{"line":43,"column":21},"end":{"line":43,"column":61}},"10":{"start":{"line":44,"column":4},"end":{"line":44,"column":31}},"11":{"start":{"line":44,"column":19},"end":{"line":44,"column":31}},"12":{"start":{"line":46,"column":4},"end":{"line":46,"column":36}},"13":{"start":{"line":47,"column":4},"end":{"line":47,"column":50}},"14":{"start":{"line":49,"column":4},"end":{"line":51,"column":5}},"15":{"start":{"line":50,"column":6},"end":{"line":50,"column":48}},"16":{"start":{"line":53,"column":4},"end":{"line":53,"column":26}},"17":{"start":{"line":54,"column":4},"end":{"line":54,"column":20}},"18":{"start":{"line":64,"column":25},"end":{"line":69,"column":6}},"19":{"start":{"line":71,"column":4},"end":{"line":71,"column":28}},"20":{"start":{"line":78,"column":4},"end":{"line":78,"column":38}},"21":{"start":{"line":87,"column":4},"end":{"line":120,"column":7}},"22":{"start":{"line":127,"column":4},"end":{"line":150,"column":7}},"23":{"start":{"line":158,"column":4},"end":{"line":166,"column":7}},"24":{"start":{"line":175,"column":4},"end":{"line":175,"column":46}},"25":{"start":{"line":175,"column":35},"end":{"line":175,"column":46}},"26":{"start":{"line":176,"column":4},"end":{"line":176,"column":39}},"27":{"start":{"line":179,"column":4},"end":{"line":179,"column":56}},"28":{"start":{"line":179,"column":28},"end":{"line":179,"column":56}},"29":{"start":{"line":182,"column":20},"end":{"line":182,"column":32}},"30":{"start":{"line":184,"column":20},"end":{"line":207,"column":null}},"31":{"start":{"line":210,"column":4},"end":{"line":210,"column":28}},"32":{"start":{"line":221,"column":4},"end":{"line":221,"column":37}},"33":{"start":{"line":221,"column":23},"end":{"line":221,"column":37}},"34":{"start":{"line":223,"column":20},"end":{"line":258,"column":null}},"35":{"start":{"line":261,"column":4},"end":{"line":261,"column":28}},"36":{"start":{"line":267,"column":0},"end":{"line":267,"column":42}}},"fnMap":{"0":{"name":"(anonymous_1)","decl":{"start":{"line":16,"column":2},"end":{"line":16,"column":7}},"loc":{"start":{"line":16,"column":37},"end":{"line":19,"column":3}}},"1":{"name":"(anonymous_2)","decl":{"start":{"line":25,"column":2},"end":{"line":25,"column":7}},"loc":{"start":{"line":25,"column":27},"end":{"line":27,"column":3}}},"2":{"name":"(anonymous_3)","decl":{"start":{"line":33,"column":2},"end":{"line":33,"column":7}},"loc":{"start":{"line":33,"column":36},"end":{"line":35,"column":3}}},"3":{"name":"(anonymous_4)","decl":{"start":{"line":42,"column":2},"end":{"line":42,"column":7}},"loc":{"start":{"line":42,"column":37},"end":{"line":55,"column":3}}},"4":{"name":"(anonymous_5)","decl":{"start":{"line":63,"column":2},"end":{"line":63,"column":7}},"loc":{"start":{"line":63,"column":51},"end":{"line":72,"column":3}}},"5":{"name":"(anonymous_6)","decl":{"start":{"line":77,"column":2},"end":{"line":77,"column":7}},"loc":{"start":{"line":77,"column":15},"end":{"line":79,"column":3}}},"6":{"name":"(anonymous_7)","decl":{"start":{"line":86,"column":2},"end":{"line":86,"column":7}},"loc":{"start":{"line":86,"column":36},"end":{"line":121,"column":3}}},"7":{"name":"(anonymous_8)","decl":{"start":{"line":126,"column":2},"end":{"line":126,"column":7}},"loc":{"start":{"line":126,"column":24},"end":{"line":151,"column":3}}},"8":{"name":"(anonymous_9)","decl":{"start":{"line":157,"column":2},"end":{"line":157,"column":7}},"loc":{"start":{"line":157,"column":35},"end":{"line":167,"column":3}}},"9":{"name":"(anonymous_10)","decl":{"start":{"line":173,"column":2},"end":{"line":173,"column":7}},"loc":{"start":{"line":173,"column":34},"end":{"line":211,"column":3}}},"10":{"name":"(anonymous_11)","decl":{"start":{"line":220,"column":2},"end":{"line":220,"column":7}},"loc":{"start":{"line":220,"column":67},"end":{"line":262,"column":3}}}},"branchMap":{"0":{"loc":{"start":{"line":44,"column":4},"end":{"line":44,"column":31}},"type":"if","locations":[{"start":{"line":44,"column":4},"end":{"line":44,"column":31}},{"start":{},"end":{}}]},"1":{"loc":{"start":{"line":49,"column":4},"end":{"line":51,"column":5}},"type":"if","locations":[{"start":{"line":49,"column":4},"end":{"line":51,"column":5}},{"start":{},"end":{}}]},"2":{"loc":{"start":{"line":175,"column":4},"end":{"line":175,"column":46}},"type":"if","locations":[{"start":{"line":175,"column":4},"end":{"line":175,"column":46}},{"start":{},"end":{}}]},"3":{"loc":{"start":{"line":179,"column":4},"end":{"line":179,"column":56}},"type":"if","locations":[{"start":{"line":179,"column":4},"end":{"line":179,"column":56}},{"start":{},"end":{}}]},"4":{"loc":{"start":{"line":221,"column":4},"end":{"line":221,"column":37}},"type":"if","locations":[{"start":{"line":221,"column":4},"end":{"line":221,"column":37}},{"start":{},"end":{}}]}},"s":{"0":2,"1":2,"2":2,"3":2,"4":2,"5":4,"6":3,"7":3,"8":3,"9":6,"10":6,"11":1,"12":5,"13":5,"14":5,"15":1,"16":5,"17":4,"18":3,"19":2,"20":3,"21":3,"22":3,"23":3,"24":5,"25":1,"26":5,"27":5,"28":1,"29":5,"30":5,"31":4,"32":4,"33":1,"34":4,"35":3,"36":2},"f":{"0":4,"1":3,"2":3,"3":6,"4":3,"5":3,"6":3,"7":3,"8":3,"9":5,"10":4},"b":{"0":[1,5],"1":[1,4],"2":[1,4],"3":[1,4],"4":[1,3]}}
,"D:\\Alessia\\Documents\\Universita\\III anno\\Tecnologie Web\\Progetto\\Backend\\src\\repositories\\ReviewRepository.ts": {"path":"D:\\Alessia\\Documents\\Universita\\III anno\\Tecnologie Web\\Progetto\\Backend\\src\\repositories\\ReviewRepository.ts","statementMap":{"0":{"start":{"line":1,"column":0},"end":{"line":1,"column":42}},"1":{"start":{"line":2,"column":0},"end":{"line":2,"column":50}},"2":{"start":{"line":3,"column":0},"end":{"line":3,"column":38}},"3":{"start":{"line":4,"column":0},"end":{"line":4,"column":50}},"4":{"start":{"line":5,"column":0},"end":{"line":5,"column":54}},"5":{"start":{"line":6,"column":0},"end":{"line":6,"column":48}},"6":{"start":{"line":18,"column":4},"end":{"line":18,"column":24}},"7":{"start":{"line":19,"column":4},"end":{"line":19,"column":18}},"8":{"start":{"line":28,"column":19},"end":{"line":58,"column":6}},"9":{"start":{"line":60,"column":4},"end":{"line":60,"column":37}},"10":{"start":{"line":60,"column":25},"end":{"line":60,"column":37}},"11":{"start":{"line":61,"column":4},"end":{"line":65,"column":6}},"12":{"start":{"line":74,"column":20},"end":{"line":110,"column":6}},"13":{"start":{"line":112,"column":28},"end":{"line":116,"column":7}},"14":{"start":{"line":112,"column":46},"end":{"line":116,"column":6}},"15":{"start":{"line":117,"column":4},"end":{"line":120,"column":8}},"16":{"start":{"line":117,"column":44},"end":{"line":120,"column":6}},"17":{"start":{"line":129,"column":20},"end":{"line":172,"column":6}},"18":{"start":{"line":174,"column":4},"end":{"line":182,"column":8}},"19":{"start":{"line":174,"column":29},"end":{"line":182,"column":6}},"20":{"start":{"line":190,"column":21},"end":{"line":190,"column":53}},"21":{"start":{"line":191,"column":4},"end":{"line":191,"column":31}},"22":{"start":{"line":191,"column":19},"end":{"line":191,"column":31}},"23":{"start":{"line":193,"column":4},"end":{"line":193,"column":38}},"24":{"start":{"line":194,"column":4},"end":{"line":194,"column":26}},"25":{"start":{"line":195,"column":4},"end":{"line":195,"column":20}},"26":{"start":{"line":204,"column":25},"end":{"line":209,"column":6}},"27":{"start":{"line":211,"column":4},"end":{"line":211,"column":28}},"28":{"start":{"line":220,"column":19},"end":{"line":237,"column":null}},"29":{"start":{"line":240,"column":4},"end":{"line":244,"column":8}},"30":{"start":{"line":240,"column":37},"end":{"line":244,"column":6}},"31":{"start":{"line":260,"column":6},"end":{"line":262,"column":16}},"32":{"start":{"line":264,"column":27},"end":{"line":299,"column":null}},"33":{"start":{"line":303,"column":4},"end":{"line":307,"column":8}},"34":{"start":{"line":303,"column":29},"end":{"line":307,"column":6}},"35":{"start":{"line":311,"column":0},"end":{"line":311,"column":38}}},"fnMap":{"0":{"name":"(anonymous_0)","decl":{"start":{"line":17,"column":2},"end":{"line":17,"column":7}},"loc":{"start":{"line":17,"column":29},"end":{"line":20,"column":3}}},"1":{"name":"(anonymous_1)","decl":{"start":{"line":27,"column":2},"end":{"line":27,"column":7}},"loc":{"start":{"line":27,"column":36},"end":{"line":66,"column":3}}},"2":{"name":"(anonymous_2)","decl":{"start":{"line":73,"column":2},"end":{"line":73,"column":7}},"loc":{"start":{"line":73,"column":36},"end":{"line":121,"column":3}}},"3":{"name":"(anonymous_3)","decl":{"start":{"line":112,"column":40},"end":{"line":112,"column":41}},"loc":{"start":{"line":112,"column":46},"end":{"line":116,"column":6}}},"4":{"name":"(anonymous_4)","decl":{"start":{"line":117,"column":31},"end":{"line":117,"column":32}},"loc":{"start":{"line":117,"column":44},"end":{"line":120,"column":6}}},"5":{"name":"(anonymous_5)","decl":{"start":{"line":128,"column":2},"end":{"line":128,"column":7}},"loc":{"start":{"line":128,"column":57},"end":{"line":183,"column":3}}},"6":{"name":"(anonymous_6)","decl":{"start":{"line":174,"column":23},"end":{"line":174,"column":24}},"loc":{"start":{"line":174,"column":29},"end":{"line":182,"column":6}}},"7":{"name":"(anonymous_7)","decl":{"start":{"line":189,"column":2},"end":{"line":189,"column":7}},"loc":{"start":{"line":189,"column":29},"end":{"line":196,"column":3}}},"8":{"name":"(anonymous_8)","decl":{"start":{"line":203,"column":2},"end":{"line":203,"column":7}},"loc":{"start":{"line":203,"column":47},"end":{"line":212,"column":3}}},"9":{"name":"(anonymous_9)","decl":{"start":{"line":219,"column":2},"end":{"line":219,"column":7}},"loc":{"start":{"line":219,"column":29},"end":{"line":245,"column":3}}},"10":{"name":"(anonymous_10)","decl":{"start":{"line":240,"column":31},"end":{"line":240,"column":32}},"loc":{"start":{"line":240,"column":37},"end":{"line":244,"column":6}}},"11":{"name":"(anonymous_11)","decl":{"start":{"line":253,"column":2},"end":{"line":253,"column":7}},"loc":{"start":{"line":255,"column":48},"end":{"line":308,"column":3}}},"12":{"name":"(anonymous_12)","decl":{"start":{"line":303,"column":23},"end":{"line":303,"column":24}},"loc":{"start":{"line":303,"column":29},"end":{"line":307,"column":6}}}},"branchMap":{"0":{"loc":{"start":{"line":60,"column":4},"end":{"line":60,"column":37}},"type":"if","locations":[{"start":{"line":60,"column":4},"end":{"line":60,"column":37}},{"start":{},"end":{}}]},"1":{"loc":{"start":{"line":63,"column":15},"end":{"line":63,"column":72}},"type":"binary-expr","locations":[{"start":{"line":63,"column":15},"end":{"line":63,"column":67}},{"start":{"line":63,"column":71},"end":{"line":63,"column":72}}]},"2":{"loc":{"start":{"line":63,"column":25},"end":{"line":63,"column":62}},"type":"binary-expr","locations":[{"start":{"line":63,"column":25},"end":{"line":63,"column":55}},{"start":{"line":63,"column":59},"end":{"line":63,"column":62}}]},"3":{"loc":{"start":{"line":64,"column":17},"end":{"line":64,"column":76}},"type":"binary-expr","locations":[{"start":{"line":64,"column":17},"end":{"line":64,"column":71}},{"start":{"line":64,"column":75},"end":{"line":64,"column":76}}]},"4":{"loc":{"start":{"line":64,"column":27},"end":{"line":64,"column":66}},"type":"binary-expr","locations":[{"start":{"line":64,"column":27},"end":{"line":64,"column":59}},{"start":{"line":64,"column":63},"end":{"line":64,"column":66}}]},"5":{"loc":{"start":{"line":114,"column":15},"end":{"line":114,"column":67}},"type":"binary-expr","locations":[{"start":{"line":114,"column":15},"end":{"line":114,"column":62}},{"start":{"line":114,"column":66},"end":{"line":114,"column":67}}]},"6":{"loc":{"start":{"line":114,"column":25},"end":{"line":114,"column":57}},"type":"binary-expr","locations":[{"start":{"line":114,"column":25},"end":{"line":114,"column":50}},{"start":{"line":114,"column":54},"end":{"line":114,"column":57}}]},"7":{"loc":{"start":{"line":115,"column":17},"end":{"line":115,"column":71}},"type":"binary-expr","locations":[{"start":{"line":115,"column":17},"end":{"line":115,"column":66}},{"start":{"line":115,"column":70},"end":{"line":115,"column":71}}]},"8":{"loc":{"start":{"line":115,"column":27},"end":{"line":115,"column":61}},"type":"binary-expr","locations":[{"start":{"line":115,"column":27},"end":{"line":115,"column":54}},{"start":{"line":115,"column":58},"end":{"line":115,"column":61}}]},"9":{"loc":{"start":{"line":119,"column":23},"end":{"line":119,"column":49}},"type":"binary-expr","locations":[{"start":{"line":119,"column":23},"end":{"line":119,"column":41}},{"start":{"line":119,"column":45},"end":{"line":119,"column":49}}]},"10":{"loc":{"start":{"line":176,"column":22},"end":{"line":176,"column":43}},"type":"binary-expr","locations":[{"start":{"line":176,"column":22},"end":{"line":176,"column":38}},{"start":{"line":176,"column":42},"end":{"line":176,"column":43}}]},"11":{"loc":{"start":{"line":177,"column":24},"end":{"line":177,"column":47}},"type":"binary-expr","locations":[{"start":{"line":177,"column":24},"end":{"line":177,"column":42}},{"start":{"line":177,"column":46},"end":{"line":177,"column":47}}]},"12":{"loc":{"start":{"line":179,"column":18},"end":{"line":179,"column":43}},"type":"binary-expr","locations":[{"start":{"line":179,"column":18},"end":{"line":179,"column":35}},{"start":{"line":179,"column":39},"end":{"line":179,"column":43}}]},"13":{"loc":{"start":{"line":180,"column":17},"end":{"line":180,"column":41}},"type":"binary-expr","locations":[{"start":{"line":180,"column":17},"end":{"line":180,"column":33}},{"start":{"line":180,"column":37},"end":{"line":180,"column":41}}]},"14":{"loc":{"start":{"line":191,"column":4},"end":{"line":191,"column":31}},"type":"if","locations":[{"start":{"line":191,"column":4},"end":{"line":191,"column":31}},{"start":{},"end":{}}]},"15":{"loc":{"start":{"line":242,"column":22},"end":{"line":242,"column":36}},"type":"binary-expr","locations":[{"start":{"line":242,"column":22},"end":{"line":242,"column":31}},{"start":{"line":242,"column":35},"end":{"line":242,"column":36}}]},"16":{"loc":{"start":{"line":243,"column":24},"end":{"line":243,"column":40}},"type":"binary-expr","locations":[{"start":{"line":243,"column":24},"end":{"line":243,"column":35}},{"start":{"line":243,"column":39},"end":{"line":243,"column":40}}]},"17":{"loc":{"start":{"line":255,"column":4},"end":{"line":255,"column":48}},"type":"default-arg","locations":[{"start":{"line":255,"column":42},"end":{"line":255,"column":48}}]},"18":{"loc":{"start":{"line":260,"column":6},"end":{"line":262,"column":16}},"type":"cond-expr","locations":[{"start":{"line":261,"column":10},"end":{"line":261,"column":15}},{"start":{"line":262,"column":10},"end":{"line":262,"column":16}}]},"19":{"loc":{"start":{"line":260,"column":6},"end":{"line":260,"column":66}},"type":"binary-expr","locations":[{"start":{"line":260,"column":6},"end":{"line":260,"column":24}},{"start":{"line":260,"column":28},"end":{"line":260,"column":46}},{"start":{"line":260,"column":50},"end":{"line":260,"column":66}}]},"20":{"loc":{"start":{"line":305,"column":22},"end":{"line":305,"column":36}},"type":"binary-expr","locations":[{"start":{"line":305,"column":22},"end":{"line":305,"column":31}},{"start":{"line":305,"column":35},"end":{"line":305,"column":36}}]},"21":{"loc":{"start":{"line":306,"column":24},"end":{"line":306,"column":40}},"type":"binary-expr","locations":[{"start":{"line":306,"column":24},"end":{"line":306,"column":35}},{"start":{"line":306,"column":39},"end":{"line":306,"column":40}}]}},"s":{"0":2,"1":2,"2":2,"3":2,"4":2,"5":2,"6":4,"7":3,"8":3,"9":2,"10":1,"11":1,"12":3,"13":2,"14":2,"15":2,"16":2,"17":3,"18":2,"19":2,"20":3,"21":3,"22":1,"23":2,"24":2,"25":1,"26":3,"27":2,"28":3,"29":2,"30":2,"31":5,"32":5,"33":4,"34":4,"35":2},"f":{"0":4,"1":3,"2":3,"3":2,"4":2,"5":3,"6":2,"7":3,"8":3,"9":3,"10":2,"11":5,"12":4},"b":{"0":[1,1],"1":[1,1],"2":[1,1],"3":[1,1],"4":[1,1],"5":[2,2],"6":[2,2],"7":[2,2],"8":[2,2],"9":[2,2],"10":[2,2],"11":[2,2],"12":[2,2],"13":[2,2],"14":[1,2],"15":[2,0],"16":[2,0],"17":[3],"18":[5,0],"19":[5,4,3],"20":[4,4],"21":[4,4]}}
,"D:\\Alessia\\Documents\\Universita\\III anno\\Tecnologie Web\\Progetto\\Backend\\src\\repositories\\UserRepository.ts": {"path":"D:\\Alessia\\Documents\\Universita\\III anno\\Tecnologie Web\\Progetto\\Backend\\src\\repositories\\UserRepository.ts","statementMap":{"0":{"start":{"line":1,"column":0},"end":{"line":1,"column":38}},"1":{"start":{"line":13,"column":4},"end":{"line":13,"column":22}},"2":{"start":{"line":14,"column":4},"end":{"line":14,"column":16}},"3":{"start":{"line":22,"column":4},"end":{"line":22,"column":52}},"4":{"start":{"line":30,"column":4},"end":{"line":30,"column":55}},"5":{"start":{"line":38,"column":4},"end":{"line":38,"column":35}},"6":{"start":{"line":47,"column":21},"end":{"line":47,"column":49}},"7":{"start":{"line":48,"column":4},"end":{"line":48,"column":31}},"8":{"start":{"line":48,"column":19},"end":{"line":48,"column":31}},"9":{"start":{"line":50,"column":4},"end":{"line":51,"column":40}},"10":{"start":{"line":51,"column":6},"end":{"line":51,"column":40}},"11":{"start":{"line":52,"column":4},"end":{"line":53,"column":38}},"12":{"start":{"line":53,"column":6},"end":{"line":53,"column":38}},"13":{"start":{"line":54,"column":4},"end":{"line":55,"column":40}},"14":{"start":{"line":55,"column":6},"end":{"line":55,"column":40}},"15":{"start":{"line":57,"column":4},"end":{"line":57,"column":26}},"16":{"start":{"line":58,"column":4},"end":{"line":58,"column":20}},"17":{"start":{"line":67,"column":25},"end":{"line":67,"column":70}},"18":{"start":{"line":68,"column":4},"end":{"line":68,"column":28}},"19":{"start":{"line":72,"column":0},"end":{"line":72,"column":36}}},"fnMap":{"0":{"name":"(anonymous_0)","decl":{"start":{"line":12,"column":2},"end":{"line":12,"column":7}},"loc":{"start":{"line":12,"column":25},"end":{"line":15,"column":3}}},"1":{"name":"(anonymous_1)","decl":{"start":{"line":21,"column":2},"end":{"line":21,"column":7}},"loc":{"start":{"line":21,"column":33},"end":{"line":23,"column":3}}},"2":{"name":"(anonymous_2)","decl":{"start":{"line":29,"column":2},"end":{"line":29,"column":7}},"loc":{"start":{"line":29,"column":39},"end":{"line":31,"column":3}}},"3":{"name":"(anonymous_3)","decl":{"start":{"line":37,"column":2},"end":{"line":37,"column":7}},"loc":{"start":{"line":37,"column":27},"end":{"line":39,"column":3}}},"4":{"name":"(anonymous_4)","decl":{"start":{"line":46,"column":2},"end":{"line":46,"column":7}},"loc":{"start":{"line":46,"column":25},"end":{"line":59,"column":3}}},"5":{"name":"(anonymous_5)","decl":{"start":{"line":66,"column":2},"end":{"line":66,"column":7}},"loc":{"start":{"line":66,"column":29},"end":{"line":69,"column":3}}}},"branchMap":{"0":{"loc":{"start":{"line":48,"column":4},"end":{"line":48,"column":31}},"type":"if","locations":[{"start":{"line":48,"column":4},"end":{"line":48,"column":31}},{"start":{},"end":{}}]},"1":{"loc":{"start":{"line":50,"column":4},"end":{"line":51,"column":40}},"type":"if","locations":[{"start":{"line":50,"column":4},"end":{"line":51,"column":40}},{"start":{},"end":{}}]},"2":{"loc":{"start":{"line":52,"column":4},"end":{"line":53,"column":38}},"type":"if","locations":[{"start":{"line":52,"column":4},"end":{"line":53,"column":38}},{"start":{},"end":{}}]},"3":{"loc":{"start":{"line":54,"column":4},"end":{"line":55,"column":40}},"type":"if","locations":[{"start":{"line":54,"column":4},"end":{"line":55,"column":40}},{"start":{},"end":{}}]}},"s":{"0":2,"1":3,"2":2,"3":3,"4":3,"5":3,"6":5,"7":5,"8":1,"9":4,"10":4,"11":4,"12":1,"13":4,"14":2,"15":4,"16":3,"17":3,"18":2,"19":2},"f":{"0":3,"1":3,"2":3,"3":3,"4":5,"5":3},"b":{"0":[1,4],"1":[4,0],"2":[1,3],"3":[2,2]}}
,"D:\\Alessia\\Documents\\Universita\\III anno\\Tecnologie Web\\Progetto\\Backend\\src\\repositories\\VoteRestaurantRepository.ts": {"path":"D:\\Alessia\\Documents\\Universita\\III anno\\Tecnologie Web\\Progetto\\Backend\\src\\repositories\\VoteRestaurantRepository.ts","statementMap":{"0":{"start":{"line":1,"column":0},"end":{"line":1,"column":54}},"1":{"start":{"line":13,"column":4},"end":{"line":13,"column":22}},"2":{"start":{"line":14,"column":4},"end":{"line":14,"column":16}},"3":{"start":{"line":24,"column":4},"end":{"line":24,"column":79}},"4":{"start":{"line":32,"column":21},"end":{"line":32,"column":59}},"5":{"start":{"line":33,"column":4},"end":{"line":33,"column":31}},"6":{"start":{"line":33,"column":19},"end":{"line":33,"column":31}},"7":{"start":{"line":35,"column":4},"end":{"line":35,"column":30}},"8":{"start":{"line":36,"column":4},"end":{"line":36,"column":26}},"9":{"start":{"line":37,"column":4},"end":{"line":37,"column":20}},"10":{"start":{"line":47,"column":25},"end":{"line":49,"column":6}},"11":{"start":{"line":50,"column":4},"end":{"line":50,"column":28}},"12":{"start":{"line":58,"column":18},"end":{"line":61,"column":6}},"13":{"start":{"line":63,"column":20},"end":{"line":63,"column":58}},"14":{"start":{"line":63,"column":38},"end":{"line":63,"column":50}},"15":{"start":{"line":64,"column":22},"end":{"line":64,"column":61}},"16":{"start":{"line":64,"column":40},"end":{"line":64,"column":53}},"17":{"start":{"line":66,"column":4},"end":{"line":66,"column":34}},"18":{"start":{"line":70,"column":0},"end":{"line":70,"column":46}}},"fnMap":{"0":{"name":"(anonymous_1)","decl":{"start":{"line":12,"column":2},"end":{"line":12,"column":7}},"loc":{"start":{"line":12,"column":35},"end":{"line":15,"column":3}}},"1":{"name":"(anonymous_2)","decl":{"start":{"line":23,"column":2},"end":{"line":23,"column":7}},"loc":{"start":{"line":23,"column":70},"end":{"line":25,"column":3}}},"2":{"name":"(anonymous_3)","decl":{"start":{"line":31,"column":2},"end":{"line":31,"column":7}},"loc":{"start":{"line":31,"column":35},"end":{"line":38,"column":3}}},"3":{"name":"(anonymous_4)","decl":{"start":{"line":46,"column":2},"end":{"line":46,"column":7}},"loc":{"start":{"line":46,"column":53},"end":{"line":51,"column":3}}},"4":{"name":"(anonymous_5)","decl":{"start":{"line":57,"column":2},"end":{"line":57,"column":7}},"loc":{"start":{"line":57,"column":56},"end":{"line":67,"column":3}}},"5":{"name":"(anonymous_6)","decl":{"start":{"line":63,"column":33},"end":{"line":63,"column":34}},"loc":{"start":{"line":63,"column":38},"end":{"line":63,"column":50}}},"6":{"name":"(anonymous_7)","decl":{"start":{"line":64,"column":35},"end":{"line":64,"column":36}},"loc":{"start":{"line":64,"column":40},"end":{"line":64,"column":53}}}},"branchMap":{"0":{"loc":{"start":{"line":33,"column":4},"end":{"line":33,"column":31}},"type":"if","locations":[{"start":{"line":33,"column":4},"end":{"line":33,"column":31}},{"start":{},"end":{}}]}},"s":{"0":2,"1":3,"2":2,"3":3,"4":3,"5":3,"6":1,"7":2,"8":2,"9":1,"10":3,"11":2,"12":3,"13":2,"14":3,"15":2,"16":3,"17":2,"18":2},"f":{"0":3,"1":3,"2":3,"3":3,"4":3,"5":3,"6":3},"b":{"0":[1,2]}}
,"D:\\Alessia\\Documents\\Universita\\III anno\\Tecnologie Web\\Progetto\\Backend\\src\\repositories\\VoteReviewRepository.ts": {"path":"D:\\Alessia\\Documents\\Universita\\III anno\\Tecnologie Web\\Progetto\\Backend\\src\\repositories\\VoteReviewRepository.ts","statementMap":{"0":{"start":{"line":1,"column":0},"end":{"line":1,"column":46}},"1":{"start":{"line":13,"column":4},"end":{"line":13,"column":22}},"2":{"start":{"line":14,"column":4},"end":{"line":14,"column":16}},"3":{"start":{"line":22,"column":21},"end":{"line":22,"column":55}},"4":{"start":{"line":23,"column":4},"end":{"line":23,"column":31}},"5":{"start":{"line":23,"column":19},"end":{"line":23,"column":31}},"6":{"start":{"line":25,"column":4},"end":{"line":25,"column":30}},"7":{"start":{"line":26,"column":4},"end":{"line":26,"column":26}},"8":{"start":{"line":27,"column":4},"end":{"line":27,"column":20}},"9":{"start":{"line":37,"column":25},"end":{"line":39,"column":6}},"10":{"start":{"line":40,"column":4},"end":{"line":40,"column":28}},"11":{"start":{"line":50,"column":4},"end":{"line":50,"column":71}},"12":{"start":{"line":58,"column":4},"end":{"line":58,"column":60}},"13":{"start":{"line":66,"column":18},"end":{"line":69,"column":6}},"14":{"start":{"line":71,"column":20},"end":{"line":71,"column":58}},"15":{"start":{"line":71,"column":38},"end":{"line":71,"column":50}},"16":{"start":{"line":72,"column":22},"end":{"line":72,"column":61}},"17":{"start":{"line":72,"column":40},"end":{"line":72,"column":53}},"18":{"start":{"line":74,"column":4},"end":{"line":74,"column":34}},"19":{"start":{"line":79,"column":0},"end":{"line":79,"column":42}}},"fnMap":{"0":{"name":"(anonymous_1)","decl":{"start":{"line":12,"column":2},"end":{"line":12,"column":7}},"loc":{"start":{"line":12,"column":31},"end":{"line":15,"column":3}}},"1":{"name":"(anonymous_2)","decl":{"start":{"line":21,"column":2},"end":{"line":21,"column":7}},"loc":{"start":{"line":21,"column":31},"end":{"line":28,"column":3}}},"2":{"name":"(anonymous_3)","decl":{"start":{"line":36,"column":2},"end":{"line":36,"column":7}},"loc":{"start":{"line":36,"column":49},"end":{"line":41,"column":3}}},"3":{"name":"(anonymous_4)","decl":{"start":{"line":49,"column":2},"end":{"line":49,"column":7}},"loc":{"start":{"line":49,"column":62},"end":{"line":51,"column":3}}},"4":{"name":"(anonymous_5)","decl":{"start":{"line":57,"column":2},"end":{"line":57,"column":7}},"loc":{"start":{"line":57,"column":38},"end":{"line":59,"column":3}}},"5":{"name":"(anonymous_6)","decl":{"start":{"line":65,"column":2},"end":{"line":65,"column":7}},"loc":{"start":{"line":65,"column":39},"end":{"line":75,"column":3}}},"6":{"name":"(anonymous_7)","decl":{"start":{"line":71,"column":33},"end":{"line":71,"column":34}},"loc":{"start":{"line":71,"column":38},"end":{"line":71,"column":50}}},"7":{"name":"(anonymous_8)","decl":{"start":{"line":72,"column":35},"end":{"line":72,"column":36}},"loc":{"start":{"line":72,"column":40},"end":{"line":72,"column":53}}}},"branchMap":{"0":{"loc":{"start":{"line":23,"column":4},"end":{"line":23,"column":31}},"type":"if","locations":[{"start":{"line":23,"column":4},"end":{"line":23,"column":31}},{"start":{},"end":{}}]}},"s":{"0":2,"1":3,"2":2,"3":3,"4":3,"5":1,"6":2,"7":2,"8":1,"9":3,"10":2,"11":3,"12":3,"13":3,"14":2,"15":3,"16":2,"17":3,"18":2,"19":2},"f":{"0":3,"1":3,"2":3,"3":3,"4":3,"5":3,"6":3,"7":3},"b":{"0":[1,2]}}
,"D:\\Alessia\\Documents\\Universita\\III anno\\Tecnologie Web\\Progetto\\Backend\\src\\services\\NotificationService.ts": {"path":"D:\\Alessia\\Documents\\Universita\\III anno\\Tecnologie Web\\Progetto\\Backend\\src\\services\\NotificationService.ts","statementMap":{"0":{"start":{"line":1,"column":0},"end":{"line":1,"column":76}},"1":{"start":{"line":3,"column":0},"end":{"line":3,"column":45}},"2":{"start":{"line":15,"column":4},"end":{"line":15,"column":61}},"3":{"start":{"line":24,"column":18},"end":{"line":24,"column":59}},"4":{"start":{"line":25,"column":4},"end":{"line":25,"column":64}},"5":{"start":{"line":25,"column":16},"end":{"line":25,"column":64}},"6":{"start":{"line":26,"column":4},"end":{"line":26,"column":17}},"7":{"start":{"line":34,"column":4},"end":{"line":34,"column":61}},"8":{"start":{"line":42,"column":4},"end":{"line":42,"column":67}},"9":{"start":{"line":52,"column":18},"end":{"line":52,"column":59}},"10":{"start":{"line":53,"column":4},"end":{"line":53,"column":64}},"11":{"start":{"line":53,"column":16},"end":{"line":53,"column":64}},"12":{"start":{"line":54,"column":4},"end":{"line":54,"column":77}},"13":{"start":{"line":54,"column":34},"end":{"line":54,"column":77}},"14":{"start":{"line":56,"column":4},"end":{"line":56,"column":48}},"15":{"start":{"line":64,"column":4},"end":{"line":64,"column":55}},"16":{"start":{"line":73,"column":18},"end":{"line":73,"column":64}},"17":{"start":{"line":74,"column":4},"end":{"line":74,"column":64}},"18":{"start":{"line":74,"column":16},"end":{"line":74,"column":64}},"19":{"start":{"line":76,"column":4},"end":{"line":77,"column":49}},"20":{"start":{"line":77,"column":6},"end":{"line":77,"column":49}},"21":{"start":{"line":79,"column":4},"end":{"line":79,"column":62}},"22":{"start":{"line":88,"column":4},"end":{"line":88,"column":67}},"23":{"start":{"line":92,"column":0},"end":{"line":92,"column":41}}},"fnMap":{"0":{"name":"(anonymous_1)","decl":{"start":{"line":14,"column":2},"end":{"line":14,"column":7}},"loc":{"start":{"line":14,"column":41},"end":{"line":16,"column":3}}},"1":{"name":"(anonymous_2)","decl":{"start":{"line":23,"column":2},"end":{"line":23,"column":7}},"loc":{"start":{"line":23,"column":26},"end":{"line":27,"column":3}}},"2":{"name":"(anonymous_3)","decl":{"start":{"line":33,"column":2},"end":{"line":33,"column":7}},"loc":{"start":{"line":33,"column":34},"end":{"line":35,"column":3}}},"3":{"name":"(anonymous_4)","decl":{"start":{"line":41,"column":2},"end":{"line":41,"column":7}},"loc":{"start":{"line":41,"column":40},"end":{"line":43,"column":3}}},"4":{"name":"(anonymous_5)","decl":{"start":{"line":51,"column":2},"end":{"line":51,"column":7}},"loc":{"start":{"line":51,"column":45},"end":{"line":57,"column":3}}},"5":{"name":"(anonymous_6)","decl":{"start":{"line":63,"column":2},"end":{"line":63,"column":7}},"loc":{"start":{"line":63,"column":36},"end":{"line":65,"column":3}}},"6":{"name":"(anonymous_7)","decl":{"start":{"line":72,"column":2},"end":{"line":72,"column":7}},"loc":{"start":{"line":72,"column":51},"end":{"line":80,"column":3}}},"7":{"name":"(anonymous_8)","decl":{"start":{"line":87,"column":2},"end":{"line":87,"column":7}},"loc":{"start":{"line":87,"column":38},"end":{"line":89,"column":3}}}},"branchMap":{"0":{"loc":{"start":{"line":25,"column":4},"end":{"line":25,"column":64}},"type":"if","locations":[{"start":{"line":25,"column":4},"end":{"line":25,"column":64}},{"start":{},"end":{}}]},"1":{"loc":{"start":{"line":53,"column":4},"end":{"line":53,"column":64}},"type":"if","locations":[{"start":{"line":53,"column":4},"end":{"line":53,"column":64}},{"start":{},"end":{}}]},"2":{"loc":{"start":{"line":54,"column":4},"end":{"line":54,"column":77}},"type":"if","locations":[{"start":{"line":54,"column":4},"end":{"line":54,"column":77}},{"start":{},"end":{}}]},"3":{"loc":{"start":{"line":74,"column":4},"end":{"line":74,"column":64}},"type":"if","locations":[{"start":{"line":74,"column":4},"end":{"line":74,"column":64}},{"start":{},"end":{}}]},"4":{"loc":{"start":{"line":76,"column":4},"end":{"line":77,"column":49}},"type":"if","locations":[{"start":{"line":76,"column":4},"end":{"line":77,"column":49}},{"start":{},"end":{}}]}},"s":{"0":1,"1":1,"2":1,"3":2,"4":2,"5":1,"6":1,"7":2,"8":1,"9":3,"10":3,"11":1,"12":2,"13":1,"14":1,"15":1,"16":3,"17":3,"18":1,"19":2,"20":1,"21":1,"22":3,"23":1},"f":{"0":1,"1":2,"2":2,"3":1,"4":3,"5":1,"6":3,"7":3},"b":{"0":[1,1],"1":[1,2],"2":[1,1],"3":[1,2],"4":[1,1]}}
,"D:\\Alessia\\Documents\\Universita\\III anno\\Tecnologie Web\\Progetto\\Backend\\src\\services\\RestaurantService.ts": {"path":"D:\\Alessia\\Documents\\Universita\\III anno\\Tecnologie Web\\Progetto\\Backend\\src\\services\\RestaurantService.ts","statementMap":{"0":{"start":{"line":1,"column":0},"end":{"line":1,"column":72}},"1":{"start":{"line":3,"column":0},"end":{"line":3,"column":45}},"2":{"start":{"line":4,"column":0},"end":{"line":4,"column":20}},"3":{"start":{"line":5,"column":0},"end":{"line":5,"column":24}},"4":{"start":{"line":19,"column":4},"end":{"line":24,"column":5}},"5":{"start":{"line":20,"column":6},"end":{"line":23,"column":23}},"6":{"start":{"line":26,"column":4},"end":{"line":32,"column":5}},"7":{"start":{"line":27,"column":6},"end":{"line":31,"column":24}},"8":{"start":{"line":34,"column":4},"end":{"line":34,"column":57}},"9":{"start":{"line":42,"column":4},"end":{"line":42,"column":59}},"10":{"start":{"line":49,"column":4},"end":{"line":49,"column":48}},"11":{"start":{"line":57,"column":4},"end":{"line":57,"column":59}},"12":{"start":{"line":76,"column":23},"end":{"line":76,"column":67}},"13":{"start":{"line":77,"column":4},"end":{"line":77,"column":69}},"14":{"start":{"line":77,"column":21},"end":{"line":77,"column":69}},"15":{"start":{"line":80,"column":4},"end":{"line":82,"column":5}},"16":{"start":{"line":81,"column":6},"end":{"line":81,"column":49}},"17":{"start":{"line":85,"column":4},"end":{"line":91,"column":5}},"18":{"start":{"line":90,"column":6},"end":{"line":90,"column":61}},"19":{"start":{"line":94,"column":4},"end":{"line":99,"column":5}},"20":{"start":{"line":95,"column":6},"end":{"line":98,"column":23}},"21":{"start":{"line":102,"column":4},"end":{"line":108,"column":5}},"22":{"start":{"line":103,"column":6},"end":{"line":107,"column":24}},"23":{"start":{"line":111,"column":4},"end":{"line":113,"column":5}},"24":{"start":{"line":112,"column":6},"end":{"line":112,"column":65}},"25":{"start":{"line":115,"column":20},"end":{"line":115,"column":65}},"26":{"start":{"line":116,"column":4},"end":{"line":116,"column":20}},"27":{"start":{"line":125,"column":23},"end":{"line":125,"column":77}},"28":{"start":{"line":126,"column":4},"end":{"line":126,"column":71}},"29":{"start":{"line":126,"column":21},"end":{"line":126,"column":71}},"30":{"start":{"line":128,"column":4},"end":{"line":130,"column":5}},"31":{"start":{"line":129,"column":6},"end":{"line":129,"column":49}},"32":{"start":{"line":132,"column":4},"end":{"line":134,"column":5}},"33":{"start":{"line":133,"column":6},"end":{"line":133,"column":49}},"34":{"start":{"line":136,"column":20},"end":{"line":136,"column":85}},"35":{"start":{"line":137,"column":4},"end":{"line":137,"column":67}},"36":{"start":{"line":137,"column":18},"end":{"line":137,"column":67}},"37":{"start":{"line":148,"column":14},"end":{"line":148,"column":33}},"38":{"start":{"line":149,"column":4},"end":{"line":149,"column":26}},"39":{"start":{"line":149,"column":17},"end":{"line":149,"column":26}},"40":{"start":{"line":150,"column":14},"end":{"line":150,"column":25}},"41":{"start":{"line":151,"column":4},"end":{"line":155,"column":6}},"42":{"start":{"line":164,"column":24},"end":{"line":164,"column":69}},"43":{"start":{"line":166,"column":19},"end":{"line":169,"column":7}},"44":{"start":{"line":166,"column":48},"end":{"line":169,"column":6}},"45":{"start":{"line":171,"column":4},"end":{"line":173,"column":19}},"46":{"start":{"line":172,"column":22},"end":{"line":172,"column":53}},"47":{"start":{"line":182,"column":24},"end":{"line":182,"column":69}},"48":{"start":{"line":184,"column":19},"end":{"line":187,"column":7}},"49":{"start":{"line":184,"column":48},"end":{"line":187,"column":6}},"50":{"start":{"line":189,"column":4},"end":{"line":191,"column":19}},"51":{"start":{"line":190,"column":22},"end":{"line":190,"column":53}},"52":{"start":{"line":199,"column":23},"end":{"line":199,"column":71}},"53":{"start":{"line":200,"column":4},"end":{"line":200,"column":71}},"54":{"start":{"line":200,"column":21},"end":{"line":200,"column":71}},"55":{"start":{"line":201,"column":4},"end":{"line":201,"column":22}},"56":{"start":{"line":208,"column":4},"end":{"line":208,"column":57}},"57":{"start":{"line":217,"column":4},"end":{"line":217,"column":76}},"58":{"start":{"line":217,"column":16},"end":{"line":217,"column":76}},"59":{"start":{"line":219,"column":4},"end":{"line":219,"column":39}},"60":{"start":{"line":221,"column":4},"end":{"line":221,"column":58}},"61":{"start":{"line":232,"column":4},"end":{"line":233,"column":55}},"62":{"start":{"line":233,"column":6},"end":{"line":233,"column":55}},"63":{"start":{"line":235,"column":4},"end":{"line":236,"column":56}},"64":{"start":{"line":236,"column":6},"end":{"line":236,"column":56}},"65":{"start":{"line":238,"column":4},"end":{"line":239,"column":51}},"66":{"start":{"line":239,"column":6},"end":{"line":239,"column":51}},"67":{"start":{"line":241,"column":4},"end":{"line":241,"column":75}},"68":{"start":{"line":249,"column":4},"end":{"line":249,"column":26}},"69":{"start":{"line":249,"column":19},"end":{"line":249,"column":26}},"70":{"start":{"line":251,"column":21},"end":{"line":251,"column":74}},"71":{"start":{"line":253,"column":4},"end":{"line":259,"column":5}},"72":{"start":{"line":254,"column":6},"end":{"line":258,"column":7}},"73":{"start":{"line":255,"column":8},"end":{"line":255,"column":32}},"74":{"start":{"line":257,"column":8},"end":{"line":257,"column":82}},"75":{"start":{"line":264,"column":0},"end":{"line":264,"column":39}}},"fnMap":{"0":{"name":"(anonymous_1)","decl":{"start":{"line":17,"column":2},"end":{"line":17,"column":7}},"loc":{"start":{"line":17,"column":37},"end":{"line":35,"column":3}}},"1":{"name":"(anonymous_2)","decl":{"start":{"line":41,"column":2},"end":{"line":41,"column":7}},"loc":{"start":{"line":41,"column":26},"end":{"line":43,"column":3}}},"2":{"name":"(anonymous_3)","decl":{"start":{"line":48,"column":2},"end":{"line":48,"column":7}},"loc":{"start":{"line":48,"column":14},"end":{"line":50,"column":3}}},"3":{"name":"(anonymous_4)","decl":{"start":{"line":56,"column":2},"end":{"line":56,"column":7}},"loc":{"start":{"line":56,"column":34},"end":{"line":58,"column":3}}},"4":{"name":"(anonymous_5)","decl":{"start":{"line":69,"column":2},"end":{"line":69,"column":7}},"loc":{"start":{"line":75,"column":3},"end":{"line":117,"column":3}}},"5":{"name":"(anonymous_6)","decl":{"start":{"line":124,"column":2},"end":{"line":124,"column":7}},"loc":{"start":{"line":124,"column":61},"end":{"line":138,"column":3}}},"6":{"name":"(anonymous_7)","decl":{"start":{"line":147,"column":2},"end":{"line":147,"column":13}},"loc":{"start":{"line":147,"column":58},"end":{"line":156,"column":3}}},"7":{"name":"(anonymous_8)","decl":{"start":{"line":163,"column":2},"end":{"line":163,"column":7}},"loc":{"start":{"line":163,"column":21},"end":{"line":174,"column":3}}},"8":{"name":"(anonymous_9)","decl":{"start":{"line":166,"column":35},"end":{"line":166,"column":36}},"loc":{"start":{"line":166,"column":48},"end":{"line":169,"column":6}}},"9":{"name":"(anonymous_10)","decl":{"start":{"line":172,"column":12},"end":{"line":172,"column":13}},"loc":{"start":{"line":172,"column":22},"end":{"line":172,"column":53}}},"10":{"name":"(anonymous_11)","decl":{"start":{"line":181,"column":2},"end":{"line":181,"column":7}},"loc":{"start":{"line":181,"column":22},"end":{"line":192,"column":3}}},"11":{"name":"(anonymous_12)","decl":{"start":{"line":184,"column":35},"end":{"line":184,"column":36}},"loc":{"start":{"line":184,"column":48},"end":{"line":187,"column":6}}},"12":{"name":"(anonymous_13)","decl":{"start":{"line":190,"column":12},"end":{"line":190,"column":13}},"loc":{"start":{"line":190,"column":22},"end":{"line":190,"column":53}}},"13":{"name":"(anonymous_14)","decl":{"start":{"line":198,"column":2},"end":{"line":198,"column":7}},"loc":{"start":{"line":198,"column":35},"end":{"line":202,"column":3}}},"14":{"name":"(anonymous_15)","decl":{"start":{"line":207,"column":2},"end":{"line":207,"column":7}},"loc":{"start":{"line":207,"column":23},"end":{"line":209,"column":3}}},"15":{"name":"(anonymous_16)","decl":{"start":{"line":216,"column":2},"end":{"line":216,"column":7}},"loc":{"start":{"line":216,"column":34},"end":{"line":222,"column":3}}},"16":{"name":"(anonymous_17)","decl":{"start":{"line":231,"column":2},"end":{"line":231,"column":7}},"loc":{"start":{"line":231,"column":67},"end":{"line":242,"column":3}}},"17":{"name":"(anonymous_18)","decl":{"start":{"line":248,"column":10},"end":{"line":248,"column":25}},"loc":{"start":{"line":248,"column":49},"end":{"line":260,"column":3}}}},"branchMap":{"0":{"loc":{"start":{"line":19,"column":4},"end":{"line":24,"column":5}},"type":"if","locations":[{"start":{"line":19,"column":4},"end":{"line":24,"column":5}},{"start":{},"end":{}}]},"1":{"loc":{"start":{"line":26,"column":4},"end":{"line":32,"column":5}},"type":"if","locations":[{"start":{"line":26,"column":4},"end":{"line":32,"column":5}},{"start":{},"end":{}}]},"2":{"loc":{"start":{"line":77,"column":4},"end":{"line":77,"column":69}},"type":"if","locations":[{"start":{"line":77,"column":4},"end":{"line":77,"column":69}},{"start":{},"end":{}}]},"3":{"loc":{"start":{"line":80,"column":4},"end":{"line":82,"column":5}},"type":"if","locations":[{"start":{"line":80,"column":4},"end":{"line":82,"column":5}},{"start":{},"end":{}}]},"4":{"loc":{"start":{"line":85,"column":4},"end":{"line":91,"column":5}},"type":"if","locations":[{"start":{"line":85,"column":4},"end":{"line":91,"column":5}},{"start":{},"end":{}}]},"5":{"loc":{"start":{"line":86,"column":6},"end":{"line":88,"column":34}},"type":"binary-expr","locations":[{"start":{"line":86,"column":6},"end":{"line":86,"column":29}},{"start":{"line":87,"column":6},"end":{"line":87,"column":36}},{"start":{"line":88,"column":6},"end":{"line":88,"column":34}}]},"6":{"loc":{"start":{"line":94,"column":4},"end":{"line":99,"column":5}},"type":"if","locations":[{"start":{"line":94,"column":4},"end":{"line":99,"column":5}},{"start":{},"end":{}}]},"7":{"loc":{"start":{"line":102,"column":4},"end":{"line":108,"column":5}},"type":"if","locations":[{"start":{"line":102,"column":4},"end":{"line":108,"column":5}},{"start":{},"end":{}}]},"8":{"loc":{"start":{"line":111,"column":4},"end":{"line":113,"column":5}},"type":"if","locations":[{"start":{"line":111,"column":4},"end":{"line":113,"column":5}},{"start":{},"end":{}}]},"9":{"loc":{"start":{"line":126,"column":4},"end":{"line":126,"column":71}},"type":"if","locations":[{"start":{"line":126,"column":4},"end":{"line":126,"column":71}},{"start":{},"end":{}}]},"10":{"loc":{"start":{"line":128,"column":4},"end":{"line":130,"column":5}},"type":"if","locations":[{"start":{"line":128,"column":4},"end":{"line":130,"column":5}},{"start":{},"end":{}}]},"11":{"loc":{"start":{"line":132,"column":4},"end":{"line":134,"column":5}},"type":"if","locations":[{"start":{"line":132,"column":4},"end":{"line":134,"column":5}},{"start":{},"end":{}}]},"12":{"loc":{"start":{"line":137,"column":4},"end":{"line":137,"column":67}},"type":"if","locations":[{"start":{"line":137,"column":4},"end":{"line":137,"column":67}},{"start":{},"end":{}}]},"13":{"loc":{"start":{"line":147,"column":50},"end":{"line":147,"column":58}},"type":"default-arg","locations":[{"start":{"line":147,"column":54},"end":{"line":147,"column":58}}]},"14":{"loc":{"start":{"line":149,"column":4},"end":{"line":149,"column":26}},"type":"if","locations":[{"start":{"line":149,"column":4},"end":{"line":149,"column":26}},{"start":{},"end":{}}]},"15":{"loc":{"start":{"line":200,"column":4},"end":{"line":200,"column":71}},"type":"if","locations":[{"start":{"line":200,"column":4},"end":{"line":200,"column":71}},{"start":{},"end":{}}]},"16":{"loc":{"start":{"line":217,"column":4},"end":{"line":217,"column":76}},"type":"if","locations":[{"start":{"line":217,"column":4},"end":{"line":217,"column":76}},{"start":{},"end":{}}]},"17":{"loc":{"start":{"line":232,"column":4},"end":{"line":233,"column":55}},"type":"if","locations":[{"start":{"line":232,"column":4},"end":{"line":233,"column":55}},{"start":{},"end":{}}]},"18":{"loc":{"start":{"line":232,"column":8},"end":{"line":232,"column":47}},"type":"binary-expr","locations":[{"start":{"line":232,"column":8},"end":{"line":232,"column":22}},{"start":{"line":232,"column":26},"end":{"line":232,"column":35}},{"start":{"line":232,"column":39},"end":{"line":232,"column":47}}]},"19":{"loc":{"start":{"line":235,"column":4},"end":{"line":236,"column":56}},"type":"if","locations":[{"start":{"line":235,"column":4},"end":{"line":236,"column":56}},{"start":{},"end":{}}]},"20":{"loc":{"start":{"line":235,"column":8},"end":{"line":235,"column":49}},"type":"binary-expr","locations":[{"start":{"line":235,"column":8},"end":{"line":235,"column":22}},{"start":{"line":235,"column":26},"end":{"line":235,"column":36}},{"start":{"line":235,"column":40},"end":{"line":235,"column":49}}]},"21":{"loc":{"start":{"line":238,"column":4},"end":{"line":239,"column":51}},"type":"if","locations":[{"start":{"line":238,"column":4},"end":{"line":239,"column":51}},{"start":{},"end":{}}]},"22":{"loc":{"start":{"line":238,"column":8},"end":{"line":238,"column":61}},"type":"binary-expr","locations":[{"start":{"line":238,"column":8},"end":{"line":238,"column":27}},{"start":{"line":238,"column":31},"end":{"line":238,"column":44}},{"start":{"line":238,"column":48},"end":{"line":238,"column":61}}]},"23":{"loc":{"start":{"line":249,"column":4},"end":{"line":249,"column":26}},"type":"if","locations":[{"start":{"line":249,"column":4},"end":{"line":249,"column":26}},{"start":{},"end":{}}]},"24":{"loc":{"start":{"line":253,"column":4},"end":{"line":259,"column":5}},"type":"if","locations":[{"start":{"line":253,"column":4},"end":{"line":259,"column":5}},{"start":{},"end":{}}]}},"s":{"0":1,"1":1,"2":1,"3":1,"4":4,"5":4,"6":4,"7":4,"8":4,"9":2,"10":2,"11":2,"12":7,"13":7,"14":1,"15":6,"16":1,"17":5,"18":1,"19":4,"20":2,"21":4,"22":2,"23":4,"24":1,"25":4,"26":4,"27":7,"28":7,"29":1,"30":6,"31":1,"32":5,"33":5,"34":4,"35":4,"36":1,"37":10,"38":10,"39":1,"40":9,"41":9,"42":2,"43":2,"44":3,"45":2,"46":2,"47":2,"48":2,"49":3,"50":2,"51":4,"52":2,"53":2,"54":1,"55":1,"56":2,"57":2,"58":1,"59":1,"60":1,"61":4,"62":1,"63":3,"64":1,"65":2,"66":1,"67":1,"68":7,"69":2,"70":5,"71":5,"72":2,"73":2,"74":1,"75":1},"f":{"0":4,"1":2,"2":2,"3":2,"4":7,"5":7,"6":10,"7":2,"8":3,"9":2,"10":2,"11":3,"12":4,"13":2,"14":2,"15":2,"16":4,"17":7},"b":{"0":[4,0],"1":[4,0],"2":[1,6],"3":[1,5],"4":[1,4],"5":[5,3,2],"6":[2,2],"7":[2,2],"8":[1,3],"9":[1,6],"10":[1,5],"11":[5,0],"12":[1,3],"13":[9],"14":[1,9],"15":[1,1],"16":[1,1],"17":[1,3],"18":[4,4,4],"19":[1,2],"20":[3,3,3],"21":[1,1],"22":[2,2,1],"23":[2,5],"24":[2,3]}}
,"D:\\Alessia\\Documents\\Universita\\III anno\\Tecnologie Web\\Progetto\\Backend\\src\\services\\ReviewService.ts": {"path":"D:\\Alessia\\Documents\\Universita\\III anno\\Tecnologie Web\\Progetto\\Backend\\src\\services\\ReviewService.ts","statementMap":{"0":{"start":{"line":1,"column":0},"end":{"line":1,"column":64}},"1":{"start":{"line":2,"column":0},"end":{"line":2,"column":52}},"2":{"start":{"line":4,"column":0},"end":{"line":4,"column":45}},"3":{"start":{"line":20,"column":4},"end":{"line":22,"column":5}},"4":{"start":{"line":21,"column":6},"end":{"line":21,"column":57}},"5":{"start":{"line":25,"column":4},"end":{"line":29,"column":22}},"6":{"start":{"line":31,"column":4},"end":{"line":31,"column":49}},"7":{"start":{"line":39,"column":4},"end":{"line":39,"column":56}},"8":{"start":{"line":47,"column":4},"end":{"line":47,"column":55}},"9":{"start":{"line":60,"column":4},"end":{"line":60,"column":73}},"10":{"start":{"line":69,"column":19},"end":{"line":69,"column":69}},"11":{"start":{"line":70,"column":4},"end":{"line":70,"column":29}},"12":{"start":{"line":70,"column":17},"end":{"line":70,"column":29}},"13":{"start":{"line":72,"column":17},"end":{"line":72,"column":71}},"14":{"start":{"line":74,"column":21},"end":{"line":81,"column":5}},"15":{"start":{"line":75,"column":6},"end":{"line":79,"column":7}},"16":{"start":{"line":76,"column":8},"end":{"line":76,"column":40}},"17":{"start":{"line":76,"column":28},"end":{"line":76,"column":40}},"18":{"start":{"line":77,"column":22},"end":{"line":77,"column":48}},"19":{"start":{"line":78,"column":8},"end":{"line":78,"column":32}},"20":{"start":{"line":78,"column":19},"end":{"line":78,"column":32}},"21":{"start":{"line":80,"column":6},"end":{"line":80,"column":18}},"22":{"start":{"line":83,"column":4},"end":{"line":83,"column":36}},"23":{"start":{"line":92,"column":19},"end":{"line":92,"column":68}},"24":{"start":{"line":93,"column":4},"end":{"line":93,"column":67}},"25":{"start":{"line":93,"column":17},"end":{"line":93,"column":67}},"26":{"start":{"line":96,"column":4},"end":{"line":98,"column":5}},"27":{"start":{"line":97,"column":6},"end":{"line":97,"column":49}},"28":{"start":{"line":100,"column":4},"end":{"line":102,"column":5}},"29":{"start":{"line":101,"column":6},"end":{"line":101,"column":84}},"30":{"start":{"line":105,"column":4},"end":{"line":109,"column":22}},"31":{"start":{"line":111,"column":20},"end":{"line":111,"column":57}},"32":{"start":{"line":112,"column":4},"end":{"line":112,"column":20}},"33":{"start":{"line":121,"column":19},"end":{"line":121,"column":74}},"34":{"start":{"line":122,"column":4},"end":{"line":122,"column":67}},"35":{"start":{"line":122,"column":17},"end":{"line":122,"column":67}},"36":{"start":{"line":124,"column":4},"end":{"line":126,"column":5}},"37":{"start":{"line":125,"column":6},"end":{"line":125,"column":49}},"38":{"start":{"line":128,"column":20},"end":{"line":128,"column":77}},"39":{"start":{"line":129,"column":4},"end":{"line":129,"column":94}},"40":{"start":{"line":129,"column":18},"end":{"line":129,"column":94}},"41":{"start":{"line":140,"column":14},"end":{"line":140,"column":33}},"42":{"start":{"line":141,"column":4},"end":{"line":141,"column":26}},"43":{"start":{"line":141,"column":17},"end":{"line":141,"column":26}},"44":{"start":{"line":142,"column":14},"end":{"line":142,"column":25}},"45":{"start":{"line":143,"column":4},"end":{"line":147,"column":6}},"46":{"start":{"line":156,"column":20},"end":{"line":156,"column":66}},"47":{"start":{"line":158,"column":19},"end":{"line":161,"column":7}},"48":{"start":{"line":158,"column":37},"end":{"line":161,"column":6}},"49":{"start":{"line":164,"column":17},"end":{"line":166,"column":18}},"50":{"start":{"line":165,"column":22},"end":{"line":165,"column":53}},"51":{"start":{"line":168,"column":4},"end":{"line":168,"column":16}},"52":{"start":{"line":183,"column":4},"end":{"line":184,"column":56}},"53":{"start":{"line":184,"column":6},"end":{"line":184,"column":56}},"54":{"start":{"line":187,"column":24},"end":{"line":187,"column":52}},"55":{"start":{"line":188,"column":4},"end":{"line":188,"column":53}},"56":{"start":{"line":188,"column":38},"end":{"line":188,"column":53}},"57":{"start":{"line":190,"column":28},"end":{"line":190,"column":91}},"58":{"start":{"line":191,"column":23},"end":{"line":191,"column":87}},"59":{"start":{"line":193,"column":17},"end":{"line":193,"column":55}},"60":{"start":{"line":195,"column":27},"end":{"line":198,"column":6}},"61":{"start":{"line":196,"column":19},"end":{"line":196,"column":48}},"62":{"start":{"line":196,"column":34},"end":{"line":196,"column":47}},"63":{"start":{"line":197,"column":6},"end":{"line":197,"column":43}},"64":{"start":{"line":200,"column":4},"end":{"line":215,"column":5}},"65":{"start":{"line":202,"column":8},"end":{"line":202,"column":107}},"66":{"start":{"line":202,"column":38},"end":{"line":202,"column":105}},"67":{"start":{"line":203,"column":8},"end":{"line":203,"column":14}},"68":{"start":{"line":205,"column":8},"end":{"line":205,"column":107}},"69":{"start":{"line":205,"column":38},"end":{"line":205,"column":105}},"70":{"start":{"line":206,"column":8},"end":{"line":206,"column":14}},"71":{"start":{"line":209,"column":8},"end":{"line":213,"column":11}},"72":{"start":{"line":210,"column":25},"end":{"line":210,"column":62}},"73":{"start":{"line":211,"column":25},"end":{"line":211,"column":62}},"74":{"start":{"line":212,"column":10},"end":{"line":212,"column":33}},"75":{"start":{"line":214,"column":8},"end":{"line":214,"column":14}},"76":{"start":{"line":217,"column":4},"end":{"line":217,"column":26}},"77":{"start":{"line":226,"column":4},"end":{"line":226,"column":52}},"78":{"start":{"line":226,"column":42},"end":{"line":226,"column":52}},"79":{"start":{"line":228,"column":25},"end":{"line":239,"column":7}},"80":{"start":{"line":228,"column":50},"end":{"line":239,"column":6}},"81":{"start":{"line":241,"column":39},"end":{"line":241,"column":41}},"82":{"start":{"line":242,"column":4},"end":{"line":242,"column":52}},"83":{"start":{"line":242,"column":32},"end":{"line":242,"column":48}},"84":{"start":{"line":244,"column":4},"end":{"line":248,"column":7}},"85":{"start":{"line":245,"column":6},"end":{"line":247,"column":7}},"86":{"start":{"line":246,"column":8},"end":{"line":246,"column":50}},"87":{"start":{"line":250,"column":18},"end":{"line":250,"column":71}},"88":{"start":{"line":250,"column":43},"end":{"line":250,"column":70}},"89":{"start":{"line":252,"column":24},"end":{"line":259,"column":5}},"90":{"start":{"line":253,"column":6},"end":{"line":258,"column":9}},"91":{"start":{"line":254,"column":8},"end":{"line":257,"column":9}},"92":{"start":{"line":255,"column":10},"end":{"line":255,"column":94}},"93":{"start":{"line":255,"column":45},"end":{"line":255,"column":92}},"94":{"start":{"line":256,"column":10},"end":{"line":256,"column":33}},"95":{"start":{"line":261,"column":4},"end":{"line":261,"column":23}},"96":{"start":{"line":263,"column":4},"end":{"line":263,"column":17}},"97":{"start":{"line":267,"column":0},"end":{"line":267,"column":35}}},"fnMap":{"0":{"name":"(anonymous_1)","decl":{"start":{"line":18,"column":2},"end":{"line":18,"column":7}},"loc":{"start":{"line":18,"column":29},"end":{"line":32,"column":3}}},"1":{"name":"(anonymous_2)","decl":{"start":{"line":38,"column":2},"end":{"line":38,"column":7}},"loc":{"start":{"line":38,"column":26},"end":{"line":40,"column":3}}},"2":{"name":"(anonymous_3)","decl":{"start":{"line":46,"column":2},"end":{"line":46,"column":7}},"loc":{"start":{"line":46,"column":34},"end":{"line":48,"column":3}}},"3":{"name":"(anonymous_4)","decl":{"start":{"line":56,"column":2},"end":{"line":56,"column":7}},"loc":{"start":{"line":58,"column":48},"end":{"line":61,"column":3}}},"4":{"name":"(anonymous_5)","decl":{"start":{"line":68,"column":2},"end":{"line":68,"column":7}},"loc":{"start":{"line":68,"column":36},"end":{"line":84,"column":3}}},"5":{"name":"(anonymous_6)","decl":{"start":{"line":74,"column":21},"end":{"line":74,"column":22}},"loc":{"start":{"line":74,"column":62},"end":{"line":81,"column":5}}},"6":{"name":"(anonymous_7)","decl":{"start":{"line":91,"column":2},"end":{"line":91,"column":7}},"loc":{"start":{"line":91,"column":68},"end":{"line":113,"column":3}}},"7":{"name":"(anonymous_8)","decl":{"start":{"line":120,"column":2},"end":{"line":120,"column":7}},"loc":{"start":{"line":120,"column":57},"end":{"line":130,"column":3}}},"8":{"name":"(anonymous_9)","decl":{"start":{"line":139,"column":2},"end":{"line":139,"column":13}},"loc":{"start":{"line":139,"column":58},"end":{"line":148,"column":3}}},"9":{"name":"(anonymous_10)","decl":{"start":{"line":155,"column":2},"end":{"line":155,"column":7}},"loc":{"start":{"line":155,"column":21},"end":{"line":169,"column":3}}},"10":{"name":"(anonymous_11)","decl":{"start":{"line":158,"column":31},"end":{"line":158,"column":32}},"loc":{"start":{"line":158,"column":37},"end":{"line":161,"column":6}}},"11":{"name":"(anonymous_12)","decl":{"start":{"line":165,"column":12},"end":{"line":165,"column":13}},"loc":{"start":{"line":165,"column":22},"end":{"line":165,"column":53}}},"12":{"name":"(anonymous_13)","decl":{"start":{"line":177,"column":2},"end":{"line":177,"column":7}},"loc":{"start":{"line":179,"column":48},"end":{"line":218,"column":3}}},"13":{"name":"(anonymous_14)","decl":{"start":{"line":195,"column":47},"end":{"line":195,"column":48}},"loc":{"start":{"line":195,"column":51},"end":{"line":198,"column":5}}},"14":{"name":"(anonymous_15)","decl":{"start":{"line":196,"column":29},"end":{"line":196,"column":30}},"loc":{"start":{"line":196,"column":34},"end":{"line":196,"column":47}}},"15":{"name":"(anonymous_16)","decl":{"start":{"line":202,"column":28},"end":{"line":202,"column":29}},"loc":{"start":{"line":202,"column":38},"end":{"line":202,"column":105}}},"16":{"name":"(anonymous_17)","decl":{"start":{"line":205,"column":28},"end":{"line":205,"column":29}},"loc":{"start":{"line":205,"column":38},"end":{"line":205,"column":105}}},"17":{"name":"(anonymous_18)","decl":{"start":{"line":209,"column":28},"end":{"line":209,"column":29}},"loc":{"start":{"line":209,"column":37},"end":{"line":213,"column":9}}},"18":{"name":"(anonymous_19)","decl":{"start":{"line":225,"column":2},"end":{"line":225,"column":7}},"loc":{"start":{"line":225,"column":38},"end":{"line":264,"column":3}}},"19":{"name":"(anonymous_20)","decl":{"start":{"line":228,"column":37},"end":{"line":228,"column":38}},"loc":{"start":{"line":228,"column":50},"end":{"line":239,"column":6}}},"20":{"name":"(anonymous_21)","decl":{"start":{"line":242,"column":25},"end":{"line":242,"column":26}},"loc":{"start":{"line":242,"column":29},"end":{"line":242,"column":50}}},"21":{"name":"(anonymous_22)","decl":{"start":{"line":244,"column":25},"end":{"line":244,"column":26}},"loc":{"start":{"line":244,"column":29},"end":{"line":248,"column":5}}},"22":{"name":"(anonymous_23)","decl":{"start":{"line":250,"column":38},"end":{"line":250,"column":39}},"loc":{"start":{"line":250,"column":43},"end":{"line":250,"column":70}}},"23":{"name":"(anonymous_24)","decl":{"start":{"line":252,"column":24},"end":{"line":252,"column":25}},"loc":{"start":{"line":252,"column":41},"end":{"line":259,"column":5}}},"24":{"name":"(anonymous_25)","decl":{"start":{"line":253,"column":20},"end":{"line":253,"column":21}},"loc":{"start":{"line":253,"column":31},"end":{"line":258,"column":7}}},"25":{"name":"(anonymous_26)","decl":{"start":{"line":255,"column":25},"end":{"line":255,"column":26}},"loc":{"start":{"line":255,"column":45},"end":{"line":255,"column":92}}}},"branchMap":{"0":{"loc":{"start":{"line":20,"column":4},"end":{"line":22,"column":5}},"type":"if","locations":[{"start":{"line":20,"column":4},"end":{"line":22,"column":5}},{"start":{},"end":{}}]},"1":{"loc":{"start":{"line":20,"column":8},"end":{"line":20,"column":61}},"type":"binary-expr","locations":[{"start":{"line":20,"column":8},"end":{"line":20,"column":23}},{"start":{"line":20,"column":27},"end":{"line":20,"column":61}}]},"2":{"loc":{"start":{"line":58,"column":4},"end":{"line":58,"column":48}},"type":"default-arg","locations":[{"start":{"line":58,"column":42},"end":{"line":58,"column":48}}]},"3":{"loc":{"start":{"line":70,"column":4},"end":{"line":70,"column":29}},"type":"if","locations":[{"start":{"line":70,"column":4},"end":{"line":70,"column":29}},{"start":{},"end":{}}]},"4":{"loc":{"start":{"line":76,"column":8},"end":{"line":76,"column":40}},"type":"if","locations":[{"start":{"line":76,"column":8},"end":{"line":76,"column":40}},{"start":{},"end":{}}]},"5":{"loc":{"start":{"line":78,"column":8},"end":{"line":78,"column":32}},"type":"if","locations":[{"start":{"line":78,"column":8},"end":{"line":78,"column":32}},{"start":{},"end":{}}]},"6":{"loc":{"start":{"line":93,"column":4},"end":{"line":93,"column":67}},"type":"if","locations":[{"start":{"line":93,"column":4},"end":{"line":93,"column":67}},{"start":{},"end":{}}]},"7":{"loc":{"start":{"line":96,"column":4},"end":{"line":98,"column":5}},"type":"if","locations":[{"start":{"line":96,"column":4},"end":{"line":98,"column":5}},{"start":{},"end":{}}]},"8":{"loc":{"start":{"line":100,"column":4},"end":{"line":102,"column":5}},"type":"if","locations":[{"start":{"line":100,"column":4},"end":{"line":102,"column":5}},{"start":{},"end":{}}]},"9":{"loc":{"start":{"line":100,"column":8},"end":{"line":100,"column":57}},"type":"binary-expr","locations":[{"start":{"line":100,"column":8},"end":{"line":100,"column":21}},{"start":{"line":100,"column":25},"end":{"line":100,"column":57}}]},"10":{"loc":{"start":{"line":122,"column":4},"end":{"line":122,"column":67}},"type":"if","locations":[{"start":{"line":122,"column":4},"end":{"line":122,"column":67}},{"start":{},"end":{}}]},"11":{"loc":{"start":{"line":124,"column":4},"end":{"line":126,"column":5}},"type":"if","locations":[{"start":{"line":124,"column":4},"end":{"line":126,"column":5}},{"start":{},"end":{}}]},"12":{"loc":{"start":{"line":129,"column":4},"end":{"line":129,"column":94}},"type":"if","locations":[{"start":{"line":129,"column":4},"end":{"line":129,"column":94}},{"start":{},"end":{}}]},"13":{"loc":{"start":{"line":139,"column":50},"end":{"line":139,"column":58}},"type":"default-arg","locations":[{"start":{"line":139,"column":54},"end":{"line":139,"column":58}}]},"14":{"loc":{"start":{"line":141,"column":4},"end":{"line":141,"column":26}},"type":"if","locations":[{"start":{"line":141,"column":4},"end":{"line":141,"column":26}},{"start":{},"end":{}}]},"15":{"loc":{"start":{"line":179,"column":4},"end":{"line":179,"column":48}},"type":"default-arg","locations":[{"start":{"line":179,"column":42},"end":{"line":179,"column":48}}]},"16":{"loc":{"start":{"line":183,"column":4},"end":{"line":184,"column":56}},"type":"if","locations":[{"start":{"line":183,"column":4},"end":{"line":184,"column":56}},{"start":{},"end":{}}]},"17":{"loc":{"start":{"line":188,"column":4},"end":{"line":188,"column":53}},"type":"if","locations":[{"start":{"line":188,"column":4},"end":{"line":188,"column":53}},{"start":{},"end":{}}]},"18":{"loc":{"start":{"line":197,"column":13},"end":{"line":197,"column":42}},"type":"binary-expr","locations":[{"start":{"line":197,"column":13},"end":{"line":197,"column":17}},{"start":{"line":197,"column":21},"end":{"line":197,"column":42}}]},"19":{"loc":{"start":{"line":200,"column":4},"end":{"line":215,"column":5}},"type":"switch","locations":[{"start":{"line":201,"column":6},"end":{"line":203,"column":14}},{"start":{"line":204,"column":6},"end":{"line":206,"column":14}},{"start":{"line":207,"column":6},"end":{"line":207,"column":18}},{"start":{"line":208,"column":6},"end":{"line":214,"column":14}}]},"20":{"loc":{"start":{"line":210,"column":26},"end":{"line":210,"column":40}},"type":"binary-expr","locations":[{"start":{"line":210,"column":26},"end":{"line":210,"column":35}},{"start":{"line":210,"column":39},"end":{"line":210,"column":40}}]},"21":{"loc":{"start":{"line":210,"column":45},"end":{"line":210,"column":61}},"type":"binary-expr","locations":[{"start":{"line":210,"column":45},"end":{"line":210,"column":56}},{"start":{"line":210,"column":60},"end":{"line":210,"column":61}}]},"22":{"loc":{"start":{"line":211,"column":26},"end":{"line":211,"column":40}},"type":"binary-expr","locations":[{"start":{"line":211,"column":26},"end":{"line":211,"column":35}},{"start":{"line":211,"column":39},"end":{"line":211,"column":40}}]},"23":{"loc":{"start":{"line":211,"column":45},"end":{"line":211,"column":61}},"type":"binary-expr","locations":[{"start":{"line":211,"column":45},"end":{"line":211,"column":56}},{"start":{"line":211,"column":60},"end":{"line":211,"column":61}}]},"24":{"loc":{"start":{"line":226,"column":4},"end":{"line":226,"column":52}},"type":"if","locations":[{"start":{"line":226,"column":4},"end":{"line":226,"column":52}},{"start":{},"end":{}}]},"25":{"loc":{"start":{"line":226,"column":8},"end":{"line":226,"column":40}},"type":"binary-expr","locations":[{"start":{"line":226,"column":8},"end":{"line":226,"column":16}},{"start":{"line":226,"column":20},"end":{"line":226,"column":40}}]},"26":{"loc":{"start":{"line":232,"column":12},"end":{"line":232,"column":76}},"type":"cond-expr","locations":[{"start":{"line":232,"column":25},"end":{"line":232,"column":69}},{"start":{"line":232,"column":72},"end":{"line":232,"column":76}}]},"27":{"loc":{"start":{"line":234,"column":24},"end":{"line":234,"column":87}},"type":"cond-expr","locations":[{"start":{"line":234,"column":54},"end":{"line":234,"column":80}},{"start":{"line":234,"column":83},"end":{"line":234,"column":87}}]},"28":{"loc":{"start":{"line":236,"column":15},"end":{"line":236,"column":29}},"type":"binary-expr","locations":[{"start":{"line":236,"column":15},"end":{"line":236,"column":24}},{"start":{"line":236,"column":28},"end":{"line":236,"column":29}}]},"29":{"loc":{"start":{"line":237,"column":17},"end":{"line":237,"column":33}},"type":"binary-expr","locations":[{"start":{"line":237,"column":17},"end":{"line":237,"column":28}},{"start":{"line":237,"column":32},"end":{"line":237,"column":33}}]},"30":{"loc":{"start":{"line":245,"column":6},"end":{"line":247,"column":7}},"type":"if","locations":[{"start":{"line":245,"column":6},"end":{"line":247,"column":7}},{"start":{},"end":{}}]},"31":{"loc":{"start":{"line":245,"column":10},"end":{"line":245,"column":57}},"type":"binary-expr","locations":[{"start":{"line":245,"column":10},"end":{"line":245,"column":28}},{"start":{"line":245,"column":32},"end":{"line":245,"column":57}}]},"32":{"loc":{"start":{"line":254,"column":8},"end":{"line":257,"column":9}},"type":"if","locations":[{"start":{"line":254,"column":8},"end":{"line":257,"column":9}},{"start":{},"end":{}}]}},"s":{"0":1,"1":1,"2":1,"3":4,"4":1,"5":3,"6":3,"7":2,"8":2,"9":1,"10":4,"11":4,"12":1,"13":3,"14":3,"15":5,"16":4,"17":2,"18":2,"19":2,"20":1,"21":2,"22":3,"23":5,"24":5,"25":1,"26":4,"27":1,"28":3,"29":1,"30":2,"31":2,"32":2,"33":4,"34":4,"35":1,"36":3,"37":1,"38":2,"39":2,"40":1,"41":16,"42":16,"43":2,"44":14,"45":14,"46":5,"47":4,"48":11,"49":4,"50":12,"51":4,"52":8,"53":1,"54":7,"55":7,"56":1,"57":7,"58":7,"59":7,"60":7,"61":11,"62":16,"63":11,"64":7,"65":1,"66":1,"67":1,"68":1,"69":1,"70":1,"71":5,"72":3,"73":3,"74":3,"75":5,"76":7,"77":5,"78":1,"79":4,"80":9,"81":4,"82":4,"83":9,"84":4,"85":9,"86":5,"87":4,"88":9,"89":4,"90":8,"91":9,"92":4,"93":1,"94":4,"95":4,"96":4,"97":1},"f":{"0":4,"1":2,"2":2,"3":1,"4":4,"5":5,"6":5,"7":4,"8":16,"9":5,"10":11,"11":12,"12":8,"13":11,"14":16,"15":1,"16":1,"17":3,"18":5,"19":9,"20":9,"21":9,"22":9,"23":8,"24":9,"25":1},"b":{"0":[1,3],"1":[4,4],"2":[1],"3":[1,3],"4":[2,2],"5":[1,1],"6":[1,4],"7":[1,3],"8":[1,2],"9":[3,3],"10":[1,3],"11":[1,2],"12":[1,1],"13":[16],"14":[2,14],"15":[4],"16":[1,7],"17":[1,6],"18":[11,1],"19":[1,1,5,5],"20":[3,0],"21":[3,0],"22":[3,1],"23":[3,1],"24":[1,4],"25":[5,5],"26":[0,9],"27":[5,4],"28":[9,8],"29":[9,8],"30":[5,4],"31":[9,5],"32":[4,5]}}
[...]
":62}},"66":{"start":{"line":164,"column":4},"end":{"line":172,"column":5}},"67":{"start":{"line":165,"column":6},"end":{"line":169,"column":9}},"68":{"start":{"line":171,"column":6},"end":{"line":171,"column":74}},"69":{"start":{"line":181,"column":4},"end":{"line":182,"column":79}},"70":{"start":{"line":182,"column":6},"end":{"line":182,"column":79}},"71":{"start":{"line":184,"column":19},"end":{"line":184,"column":72}},"72":{"start":{"line":185,"column":4},"end":{"line":185,"column":70}},"73":{"start":{"line":185,"column":17},"end":{"line":185,"column":70}},"74":{"start":{"line":187,"column":17},"end":{"line":187,"column":62}},"75":{"start":{"line":188,"column":4},"end":{"line":188,"column":61}},"76":{"start":{"line":188,"column":15},"end":{"line":188,"column":61}},"77":{"start":{"line":190,"column":19},"end":{"line":190,"column":52}},"78":{"start":{"line":191,"column":4},"end":{"line":191,"column":27}},"79":{"start":{"line":192,"column":4},"end":{"line":192,"column":22}},"80":{"start":{"line":194,"column":4},"end":{"line":194,"column":53}},"81":{"start":{"line":202,"column":18},"end":{"line":202,"column":49}},"82":{"start":{"line":203,"column":4},"end":{"line":207,"column":6}},"83":{"start":{"line":215,"column":4},"end":{"line":215,"column":45}},"84":{"start":{"line":223,"column":17},"end":{"line":223,"column":50}},"85":{"start":{"line":224,"column":4},"end":{"line":224,"column":39}},"86":{"start":{"line":228,"column":0},"end":{"line":228,"column":33}}},"fnMap":{"0":{"name":"(anonymous_1)","decl":{"start":{"line":21,"column":2},"end":{"line":21,"column":7}},"loc":{"start":{"line":21,"column":27},"end":{"line":61,"column":3}}},"1":{"name":"(anonymous_2)","decl":{"start":{"line":70,"column":2},"end":{"line":70,"column":7}},"loc":{"start":{"line":70,"column":50},"end":{"line":92,"column":3}}},"2":{"name":"(anonymous_3)","decl":{"start":{"line":100,"column":2},"end":{"line":100,"column":7}},"loc":{"start":{"line":102,"column":68},"end":{"line":142,"column":3}}},"3":{"name":"(anonymous_4)","decl":{"start":{"line":148,"column":2},"end":{"line":148,"column":7}},"loc":{"start":{"line":148,"column":29},"end":{"line":151,"column":3}}},"4":{"name":"(anonymous_5)","decl":{"start":{"line":160,"column":2},"end":{"line":160,"column":7}},"loc":{"start":{"line":160,"column":60},"end":{"line":173,"column":3}}},"5":{"name":"(anonymous_6)","decl":{"start":{"line":180,"column":2},"end":{"line":180,"column":7}},"loc":{"start":{"line":180,"column":44},"end":{"line":195,"column":3}}},"6":{"name":"(anonymous_7)","decl":{"start":{"line":201,"column":2},"end":{"line":201,"column":7}},"loc":{"start":{"line":201,"column":42},"end":{"line":208,"column":3}}},"7":{"name":"(anonymous_8)","decl":{"start":{"line":214,"column":2},"end":{"line":214,"column":7}},"loc":{"start":{"line":214,"column":26},"end":{"line":216,"column":3}}},"8":{"name":"(anonymous_9)","decl":{"start":{"line":222,"column":2},"end":{"line":222,"column":7}},"loc":{"start":{"line":222,"column":34},"end":{"line":225,"column":3}}}},"branchMap":{"0":{"loc":{"start":{"line":22,"column":4},"end":{"line":23,"column":67}},"type":"if","locations":[{"start":{"line":22,"column":4},"end":{"line":23,"column":67}},{"start":{},"end":{}}]},"1":{"loc":{"start":{"line":22,"column":8},"end":{"line":22,"column":55}},"type":"binary-expr","locations":[{"start":{"line":22,"column":8},"end":{"line":22,"column":22}},{"start":{"line":22,"column":26},"end":{"line":22,"column":37}},{"start":{"line":22,"column":41},"end":{"line":22,"column":55}}]},"2":{"loc":{"start":{"line":31,"column":4},"end":{"line":32,"column":79}},"type":"if","locations":[{"start":{"line":31,"column":4},"end":{"line":32,"column":79}},{"start":{},"end":{}}]},"3":{"loc":{"start":{"line":37,"column":4},"end":{"line":38,"column":58}},"type":"if","locations":[{"start":{"line":37,"column":4},"end":{"line":38,"column":58}},{"start":{},"end":{}}]},"4":{"loc":{"start":{"line":42,"column":4},"end":{"line":43,"column":79}},"type":"if","locations":[{"start":{"line":42,"column":4},"end":{"line":43,"column":79}},{"start":{},"end":{}}]},"5":{"loc":{"start":{"line":45,"column":4},"end":{"line":46,"column":55}},"type":"if","locations":[{"start":{"line":45,"column":4},"end":{"line":46,"column":55}},{"start":{},"end":{}}]},"6":{"loc":{"start":{"line":50,"column":4},"end":{"line":50,"column":67}},"type":"if","locations":[{"start":{"line":50,"column":4},"end":{"line":50,"column":67}},{"start":{},"end":{}}]},"7":{"loc":{"start":{"line":53,"column":4},"end":{"line":53,"column":73}},"type":"if","locations":[{"start":{"line":53,"column":4},"end":{"line":53,"column":73}},{"start":{},"end":{}}]},"8":{"loc":{"start":{"line":72,"column":4},"end":{"line":73,"column":52}},"type":"if","locations":[{"start":{"line":72,"column":4},"end":{"line":73,"column":52}},{"start":{},"end":{}}]},"9":{"loc":{"start":{"line":72,"column":8},"end":{"line":72,"column":32}},"type":"binary-expr","locations":[{"start":{"line":72,"column":8},"end":{"line":72,"column":19}},{"start":{"line":72,"column":23},"end":{"line":72,"column":32}}]},"10":{"loc":{"start":{"line":75,"column":4},"end":{"line":76,"column":52}},"type":"if","locations":[{"start":{"line":75,"column":4},"end":{"line":76,"column":52}},{"start":{},"end":{}}]},"11":{"loc":{"start":{"line":75,"column":8},"end":{"line":75,"column":56}},"type":"binary-expr","locations":[{"start":{"line":75,"column":8},"end":{"line":75,"column":31}},{"start":{"line":75,"column":35},"end":{"line":75,"column":56}}]},"12":{"loc":{"start":{"line":82,"column":6},"end":{"line":83,"column":60}},"type":"binary-expr","locations":[{"start":{"line":82,"column":7},"end":{"line":82,"column":56}},{"start":{"line":83,"column":7},"end":{"line":83,"column":59}}]},"13":{"loc":{"start":{"line":86,"column":4},"end":{"line":86,"column":67}},"type":"if","locations":[{"start":{"line":86,"column":4},"end":{"line":86,"column":67}},{"start":{},"end":{}}]},"14":{"loc":{"start":{"line":89,"column":4},"end":{"line":89,"column":64}},"type":"if","locations":[{"start":{"line":89,"column":4},"end":{"line":89,"column":64}},{"start":{},"end":{}}]},"15":{"loc":{"start":{"line":106,"column":4},"end":{"line":106,"column":61}},"type":"if","locations":[{"start":{"line":106,"column":4},"end":{"line":106,"column":61}},{"start":{},"end":{}}]},"16":{"loc":{"start":{"line":109,"column":4},"end":{"line":123,"column":5}},"type":"if","locations":[{"start":{"line":109,"column":4},"end":{"line":123,"column":5}},{"start":{},"end":{}}]},"17":{"loc":{"start":{"line":115,"column":6},"end":{"line":116,"column":57}},"type":"if","locations":[{"start":{"line":115,"column":6},"end":{"line":116,"column":57}},{"start":{},"end":{}}]},"18":{"loc":{"start":{"line":119,"column":6},"end":{"line":120,"column":55}},"type":"if","locations":[{"start":{"line":119,"column":6},"end":{"line":120,"column":55}},{"start":{},"end":{}}]},"19":{"loc":{"start":{"line":119,"column":10},"end":{"line":119,"column":34}},"type":"binary-expr","locations":[{"start":{"line":119,"column":10},"end":{"line":119,"column":15}},{"start":{"line":119,"column":19},"end":{"line":119,"column":34}}]},"20":{"loc":{"start":{"line":126,"column":4},"end":{"line":130,"column":5}},"type":"if","locations":[{"start":{"line":126,"column":4},"end":{"line":130,"column":5}},{"start":{},"end":{}}]},"21":{"loc":{"start":{"line":127,"column":6},"end":{"line":128,"column":89}},"type":"if","locations":[{"start":{"line":127,"column":6},"end":{"line":128,"column":89}},{"start":{},"end":{}}]},"22":{"loc":{"start":{"line":127,"column":10},"end":{"line":127,"column":47}},"type":"binary-expr","locations":[{"start":{"line":127,"column":10},"end":{"line":127,"column":26}},{"start":{"line":127,"column":30},"end":{"line":127,"column":47}}]},"23":{"loc":{"start":{"line":133,"column":4},"end":{"line":138,"column":5}},"type":"if","locations":[{"start":{"line":133,"column":4},"end":{"line":138,"column":5}},{"start":{},"end":{}}]},"24":{"loc":{"start":{"line":134,"column":6},"end":{"line":135,"column":57}},"type":"if","locations":[{"start":{"line":134,"column":6},"end":{"line":135,"column":57}},{"start":{},"end":{}}]},"25":{"loc":{"start":{"line":150,"column":4},"end":{"line":150,"column":85}},"type":"if","locations":[{"start":{"line":150,"column":4},"end":{"line":150,"column":85}},{"start":{},"end":{}}]},"26":{"loc":{"start":{"line":181,"column":4},"end":{"line":182,"column":79}},"type":"if","locations":[{"start":{"line":181,"column":4},"end":{"line":182,"column":79}},{"start":{},"end":{}}]},"27":{"loc":{"start":{"line":185,"column":4},"end":{"line":185,"column":70}},"type":"if","locations":[{"start":{"line":185,"column":4},"end":{"line":185,"column":70}},{"start":{},"end":{}}]},"28":{"loc":{"start":{"line":188,"column":4},"end":{"line":188,"column":61}},"type":"if","locations":[{"start":{"line":188,"column":4},"end":{"line":188,"column":61}},{"start":{},"end":{}}]},"29":{"loc":{"start":{"line":204,"column":6},"end":{"line":206,"column":10}},"type":"binary-expr","locations":[{"start":{"line":204,"column":7},"end":{"line":204,"column":46}},{"start":{"line":205,"column":7},"end":{"line":205,"column":49}},{"start":{"line":206,"column":6},"end":{"line":206,"column":10}}]},"30":{"loc":{"start":{"line":224,"column":11},"end":{"line":224,"column":38}},"type":"cond-expr","locations":[{"start":{"line":224,"column":18},"end":{"line":224,"column":31}},{"start":{"line":224,"column":34},"end":{"line":224,"column":38}}]}},"s":{"0":1,"1":1,"2":1,"3":1,"4":1,"5":8,"6":1,"7":7,"8":7,"9":1,"10":6,"11":6,"12":1,"13":5,"14":5,"15":1,"16":4,"17":1,"18":3,"19":3,"20":1,"21":2,"22":2,"23":1,"24":1,"25":1,"26":1,"27":1,"28":8,"29":2,"30":6,"31":2,"32":4,"33":4,"34":4,"35":1,"36":3,"37":3,"38":1,"39":2,"40":8,"41":8,"42":1,"43":7,"44":3,"45":3,"46":1,"47":2,"48":2,"49":1,"50":1,"51":5,"52":2,"53":1,"54":1,"55":4,"56":2,"57":1,"58":1,"59":3,"60":3,"61":2,"62":2,"63":1,"64":3,"65":2,"66":2,"67":2,"68":1,"69":4,"70":1,"71":3,"72":3,"73":1,"74":2,"75":2,"76":1,"77":1,"78":1,"79":1,"80":1,"81":3,"82":3,"83":2,"84":3,"85":2,"86":1},"f":{"0":8,"1":8,"2":8,"3":2,"4":3,"5":4,"6":3,"7":2,"8":3},"b":{"0":[1,7],"1":[8,7,7],"2":[1,6],"3":[1,5],"4":[1,4],"5":[1,3],"6":[1,2],"7":[1,1],"8":[2,6],"9":[8,7],"10":[2,4],"11":[6,5],"12":[4,2],"13":[1,3],"14":[1,2],"15":[1,7],"16":[3,4],"17":[1,2],"18":[1,1],"19":[2,1],"20":[2,3],"21":[1,1],"22":[2,2],"23":[2,2],"24":[1,1],"25":[1,1],"26":[1,3],"27":[1,2],"28":[1,1],"29":[3,2,1],"30":[1,1]}}
,"D:\\Alessia\\Documents\\Universita\\III anno\\Tecnologie Web\\Progetto\\Backend\\src\\services\\VoteRestaurantService.ts": {"path":"D:\\Alessia\\Documents\\Universita\\III anno\\Tecnologie Web\\Progetto\\Backend\\src\\services\\VoteRestaurantService.ts","statementMap":{"0":{"start":{"line":1,"column":0},"end":{"line":1,"column":80}},"1":{"start":{"line":2,"column":0},"end":{"line":2,"column":54}},"2":{"start":{"line":3,"column":0},"end":{"line":3,"column":52}},"3":{"start":{"line":4,"column":0},"end":{"line":4,"column":45}},"4":{"start":{"line":30,"column":23},"end":{"line":30,"column":69}},"5":{"start":{"line":31,"column":4},"end":{"line":31,"column":71}},"6":{"start":{"line":31,"column":21},"end":{"line":31,"column":71}},"7":{"start":{"line":33,"column":25},"end":{"line":35,"column":null}},"8":{"start":{"line":38,"column":4},"end":{"line":46,"column":5}},"9":{"start":{"line":39,"column":19},"end":{"line":43,"column":8}},"10":{"start":{"line":44,"column":6},"end":{"line":44,"column":50}},"11":{"start":{"line":45,"column":6},"end":{"line":45,"column":41}},"12":{"start":{"line":48,"column":4},"end":{"line":51,"column":5}},"13":{"start":{"line":49,"column":6},"end":{"line":49,"column":67}},"14":{"start":{"line":50,"column":6},"end":{"line":50,"column":55}},"15":{"start":{"line":53,"column":4},"end":{"line":53,"column":34}},"16":{"start":{"line":54,"column":4},"end":{"line":54,"column":56}},"17":{"start":{"line":56,"column":4},"end":{"line":56,"column":53}},"18":{"start":{"line":65,"column":4},"end":{"line":66,"column":56}},"19":{"start":{"line":66,"column":6},"end":{"line":66,"column":56}},"20":{"start":{"line":68,"column":4},"end":{"line":68,"column":84}},"21":{"start":{"line":78,"column":4},"end":{"line":78,"column":90}},"22":{"start":{"line":82,"column":0},"end":{"line":82,"column":43}}},"fnMap":{"0":{"name":"(anonymous_1)","decl":{"start":{"line":23,"column":2},"end":{"line":23,"column":7}},"loc":{"start":{"line":26,"column":21},"end":{"line":57,"column":3}}},"1":{"name":"(anonymous_2)","decl":{"start":{"line":64,"column":2},"end":{"line":64,"column":7}},"loc":{"start":{"line":64,"column":43},"end":{"line":69,"column":3}}},"2":{"name":"(anonymous_3)","decl":{"start":{"line":77,"column":2},"end":{"line":77,"column":7}},"loc":{"start":{"line":77,"column":58},"end":{"line":79,"column":3}}}},"branchMap":{"0":{"loc":{"start":{"line":31,"column":4},"end":{"line":31,"column":71}},"type":"if","locations":[{"start":{"line":31,"column":4},"end":{"line":31,"column":71}},{"start":{},"end":{}}]},"1":{"loc":{"start":{"line":38,"column":4},"end":{"line":46,"column":5}},"type":"if","locations":[{"start":{"line":38,"column":4},"end":{"line":46,"column":5}},{"start":{},"end":{}}]},"2":{"loc":{"start":{"line":48,"column":4},"end":{"line":51,"column":5}},"type":"if","locations":[{"start":{"line":48,"column":4},"end":{"line":51,"column":5}},{"start":{},"end":{}}]},"3":{"loc":{"start":{"line":65,"column":4},"end":{"line":66,"column":56}},"type":"if","locations":[{"start":{"line":65,"column":4},"end":{"line":66,"column":56}},{"start":{},"end":{}}]}},"s":{"0":1,"1":1,"2":1,"3":1,"4":4,"5":4,"6":1,"7":3,"8":3,"9":1,"10":1,"11":1,"12":2,"13":1,"14":1,"15":1,"16":1,"17":1,"18":3,"19":1,"20":2,"21":2,"22":1},"f":{"0":4,"1":3,"2":2},"b":{"0":[1,3],"1":[1,2],"2":[1,1],"3":[1,2]}}
,"D:\\Alessia\\Documents\\Universita\\III anno\\Tecnologie Web\\Progetto\\Backend\\src\\services\\VoteReviewService.ts": {"path":"D:\\Alessia\\Documents\\Universita\\III anno\\Tecnologie Web\\Progetto\\Backend\\src\\services\\VoteReviewService.ts","statementMap":{"0":{"start":{"line":1,"column":0},"end":{"line":1,"column":72}},"1":{"start":{"line":2,"column":0},"end":{"line":2,"column":46}},"2":{"start":{"line":3,"column":0},"end":{"line":3,"column":44}},"3":{"start":{"line":4,"column":0},"end":{"line":4,"column":45}},"4":{"start":{"line":30,"column":4},"end":{"line":32,"column":5}},"5":{"start":{"line":31,"column":6},"end":{"line":31,"column":56}},"6":{"start":{"line":34,"column":25},"end":{"line":34,"column":91}},"7":{"start":{"line":36,"column":4},"end":{"line":45,"column":5}},"8":{"start":{"line":37,"column":19},"end":{"line":41,"column":8}},"9":{"start":{"line":43,"column":6},"end":{"line":43,"column":46}},"10":{"start":{"line":44,"column":6},"end":{"line":44,"column":41}},"11":{"start":{"line":47,"column":4},"end":{"line":50,"column":5}},"12":{"start":{"line":48,"column":6},"end":{"line":48,"column":60}},"13":{"start":{"line":49,"column":6},"end":{"line":49,"column":55}},"14":{"start":{"line":52,"column":4},"end":{"line":52,"column":34}},"15":{"start":{"line":53,"column":4},"end":{"line":53,"column":52}},"16":{"start":{"line":55,"column":4},"end":{"line":55,"column":53}},"17":{"start":{"line":65,"column":4},"end":{"line":65,"column":78}},"18":{"start":{"line":74,"column":4},"end":{"line":76,"column":5}},"19":{"start":{"line":75,"column":6},"end":{"line":75,"column":56}},"20":{"start":{"line":78,"column":4},"end":{"line":78,"column":63}},"21":{"start":{"line":83,"column":0},"end":{"line":83,"column":39}}},"fnMap":{"0":{"name":"(anonymous_1)","decl":{"start":{"line":23,"column":2},"end":{"line":23,"column":7}},"loc":{"start":{"line":26,"column":21},"end":{"line":56,"column":3}}},"1":{"name":"(anonymous_2)","decl":{"start":{"line":64,"column":2},"end":{"line":64,"column":7}},"loc":{"start":{"line":64,"column":54},"end":{"line":66,"column":3}}},"2":{"name":"(anonymous_3)","decl":{"start":{"line":73,"column":2},"end":{"line":73,"column":7}},"loc":{"start":{"line":73,"column":39},"end":{"line":79,"column":3}}}},"branchMap":{"0":{"loc":{"start":{"line":30,"column":4},"end":{"line":32,"column":5}},"type":"if","locations":[{"start":{"line":30,"column":4},"end":{"line":32,"column":5}},{"start":{},"end":{}}]},"1":{"loc":{"start":{"line":36,"column":4},"end":{"line":45,"column":5}},"type":"if","locations":[{"start":{"line":36,"column":4},"end":{"line":45,"column":5}},{"start":{},"end":{}}]},"2":{"loc":{"start":{"line":47,"column":4},"end":{"line":50,"column":5}},"type":"if","locations":[{"start":{"line":47,"column":4},"end":{"line":50,"column":5}},{"start":{},"end":{}}]},"3":{"loc":{"start":{"line":74,"column":4},"end":{"line":76,"column":5}},"type":"if","locations":[{"start":{"line":74,"column":4},"end":{"line":76,"column":5}},{"start":{},"end":{}}]}},"s":{"0":1,"1":1,"2":1,"3":1,"4":4,"5":1,"6":3,"7":3,"8":1,"9":1,"10":1,"11":2,"12":1,"13":1,"14":1,"15":1,"16":1,"17":2,"18":3,"19":1,"20":2,"21":1},"f":{"0":4,"1":2,"2":3},"b":{"0":[1,3],"1":[1,2],"2":[1,1],"3":[1,2]}}
,"D:\\Alessia\\Documents\\Universita\\III anno\\Tecnologie Web\\Progetto\\Backend\\src\\utils\\AppError.ts": {"path":"D:\\Alessia\\Documents\\Universita\\III anno\\Tecnologie Web\\Progetto\\Backend\\src\\utils\\AppError.ts","statementMap":{"0":{"start":{"line":15,"column":4},"end":{"line":15,"column":19}},"1":{"start":{"line":16,"column":4},"end":{"line":16,"column":25}},"2":{"start":{"line":19,"column":4},"end":{"line":19,"column":52}},"3":{"start":{"line":6,"column":0},"end":{"line":6,"column":13}}},"fnMap":{"0":{"name":"(anonymous_0)","decl":{"start":{"line":14,"column":2},"end":{"line":14,"column":14}},"loc":{"start":{"line":14,"column":45},"end":{"line":20,"column":3}}}},"branchMap":{},"s":{"0":81,"1":81,"2":81,"3":6},"f":{"0":81},"b":{}}
,"D:\\Alessia\\Documents\\Universita\\III anno\\Tecnologie Web\\Progetto\\Backend\\src\\utils\\email.ts": {"path":"D:\\Alessia\\Documents\\Universita\\III anno\\Tecnologie Web\\Progetto\\Backend\\src\\utils\\email.ts","statementMap":{"0":{"start":{"line":1,"column":0},"end":{"line":1,"column":36}},"1":{"start":{"line":8,"column":20},"end":{"line":16,"column":2}},"2":{"start":{"line":27,"column":25},"end":{"line":40,"column":1}},"3":{"start":{"line":33,"column":2},"end":{"line":39,"column":5}},"4":{"start":{"line":27,"column":13},"end":{"line":27,"column":25}}},"fnMap":{"0":{"name":"(anonymous_1)","decl":{"start":{"line":27,"column":25},"end":{"line":27,"column":30}},"loc":{"start":{"line":32,"column":5},"end":{"line":40,"column":1}}}},"branchMap":{"0":{"loc":{"start":{"line":10,"column":8},"end":{"line":10,"column":69}},"type":"cond-expr","locations":[{"start":{"line":10,"column":32},"end":{"line":10,"column":63}},{"start":{"line":10,"column":66},"end":{"line":10,"column":69}}]}},"s":{"0":2,"1":2,"2":2,"3":1,"4":2},"f":{"0":1},"b":{"0":[1,1]}}
,"D:\\Alessia\\Documents\\Universita\\III anno\\Tecnologie Web\\Progetto\\Backend\\src\\utils\\hash.ts": {"path":"D:\\Alessia\\Documents\\Universita\\III anno\\Tecnologie Web\\Progetto\\Backend\\src\\utils\\hash.ts","statementMap":{"0":{"start":{"line":1,"column":0},"end":{"line":1,"column":28}},"1":{"start":{"line":8,"column":20},"end":{"line":8,"column":22}},"2":{"start":{"line":16,"column":28},"end":{"line":18,"column":1}},"3":{"start":{"line":17,"column":2},"end":{"line":17,"column":50}},"4":{"start":{"line":16,"column":13},"end":{"line":16,"column":28}},"5":{"start":{"line":27,"column":30},"end":{"line":29,"column":1}},"6":{"start":{"line":28,"column":2},"end":{"line":28,"column":48}},"7":{"start":{"line":27,"column":13},"end":{"line":27,"column":30}}},"fnMap":{"0":{"name":"(anonymous_1)","decl":{"start":{"line":16,"column":28},"end":{"line":16,"column":33}},"loc":{"start":{"line":16,"column":72},"end":{"line":18,"column":1}}},"1":{"name":"(anonymous_2)","decl":{"start":{"line":27,"column":30},"end":{"line":27,"column":35}},"loc":{"start":{"line":27,"column":91},"end":{"line":29,"column":1}}}},"branchMap":{},"s":{"0":8,"1":8,"2":8,"3":2,"4":8,"5":8,"6":2,"7":8},"f":{"0":2,"1":2},"b":{}}
}
