TN:
SF:src\config\sequelize.ts
FN:28,(anonymous_1)
FNF:1
FNH:0
FNDA:0,(anonymous_1)
DA:1,20
DA:2,20
DA:5,20
DA:12,20
DA:28,20
DA:29,0
DA:30,0
DA:31,0
DA:33,0
DA:34,0
LF:10
LH:5
BRDA:18,0,0,20
BRDA:18,0,1,0
BRF:2
BRH:1
end_of_record
TN:
SF:src\models\Notification.ts
FNF:0
FNH:0
DA:1,3
DA:2,3
DA:33,3
DA:55,3
DA:100,3
LF:5
LH:5
BRF:0
BRH:0
end_of_record
TN:
SF:src\models\PasswordReset.ts
FNF:0
FNH:0
DA:1,2
DA:2,2
DA:26,2
DA:39,2
LF:4
LH:4
BRF:0
BRH:0
end_of_record
TN:
SF:src\models\Restaurant.ts
FNF:0
FNH:0
DA:1,5
DA:2,5
DA:33,5
DA:50,5
DA:94,5
LF:5
LH:5
BRF:0
BRH:0
end_of_record
TN:
SF:src\models\Review.ts
FNF:0
FNH:0
DA:1,3
DA:2,3
DA:29,3
DA:43,3
DA:84,3
LF:5
LH:5
BRF:0
BRH:0
end_of_record
TN:
SF:src\models\User.ts
FN:45,(anonymous_0)
FN:55,(anonymous_1)
FNF:2
FNH:2
FNDA:1,(anonymous_0)
FNDA:1,(anonymous_1)
DA:1,7
DA:2,7
DA:3,7
DA:28,7
DA:46,1
DA:56,1
DA:64,7
DA:100,7
LF:8
LH:8
BRF:0
BRH:0
end_of_record
TN:
SF:src\models\VoteRestaurant.ts
FNF:0
FNH:0
DA:1,4
DA:2,4
DA:28,4
DA:43,4
DA:84,4
LF:5
LH:5
BRF:0
BRH:0
end_of_record
TN:
SF:src\models\VoteReview.ts
FNF:0
FNH:0
DA:1,4
DA:2,4
DA:28,4
DA:43,4
DA:84,4
LF:5
LH:5
BRF:0
BRH:0
end_of_record
TN:
SF:src\repositories\NotificationRepository.ts
FN:18,(anonymous_1)
FN:27,(anonymous_2)
FN:54,(anonymous_3)
FN:82,(anonymous_4)
FN:117,(anonymous_5)
FN:131,(anonymous_6)
FN:145,(anonymous_7)
FN:157,(anonymous_8)
FNF:8
FNH:8
FNDA:3,(anonymous_1)
FNDA:3,(anonymous_2)
FNDA:3,(anonymous_3)
FNDA:3,(anonymous_4)
FNDA:3,(anonymous_5)
FNDA:3,(anonymous_6)
FNDA:3,(anonymous_7)
FNDA:3,(anonymous_8)
DA:1,2
DA:2,2
DA:3,2
DA:4,2
DA:5,2
DA:19,3
DA:20,2
DA:28,3
DA:55,3
DA:83,3
DA:84,3
DA:86,3
DA:118,3
DA:119,3
DA:121,2
DA:122,2
DA:123,1
DA:132,3
DA:136,2
DA:146,3
DA:149,2
DA:158,3
DA:175,2
LF:23
LH:23
BRDA:119,0,0,1
BRDA:119,0,1,2
BRF:2
BRH:2
end_of_record
TN:
SF:src\repositories\PasswordResetRepository.ts
FN:17,(anonymous_0)
FN:36,(anonymous_1)
FN:52,(anonymous_2)
FNF:3
FNH:3
FNDA:3,(anonymous_0)
FNDA:3,(anonymous_1)
FNDA:3,(anonymous_2)
DA:1,2
DA:2,2
DA:3,2
DA:18,3
DA:19,3
DA:21,3
DA:27,2
DA:37,3
DA:44,2
DA:53,3
DA:57,2
LF:11
LH:11
BRF:0
BRH:0
end_of_record
TN:
SF:src\repositories\RestaurantRepository.ts
FN:16,(anonymous_1)
FN:25,(anonymous_2)
FN:33,(anonymous_3)
FN:42,(anonymous_4)
FN:63,(anonymous_5)
FN:77,(anonymous_6)
FN:86,(anonymous_7)
FN:126,(anonymous_8)
FN:157,(anonymous_9)
FN:173,(anonymous_10)
FN:220,(anonymous_11)
FNF:11
FNH:11
FNDA:4,(anonymous_1)
FNDA:3,(anonymous_2)
FNDA:3,(anonymous_3)
FNDA:6,(anonymous_4)
FNDA:3,(anonymous_5)
FNDA:3,(anonymous_6)
FNDA:3,(anonymous_7)
FNDA:3,(anonymous_8)
FNDA:3,(anonymous_9)
FNDA:5,(anonymous_10)
FNDA:4,(anonymous_11)
DA:1,2
DA:2,2
DA:3,2
DA:4,2
DA:5,2
DA:17,4
DA:18,3
DA:26,3
DA:34,3
DA:43,6
DA:44,6
DA:46,5
DA:47,5
DA:49,5
DA:50,1
DA:53,5
DA:54,4
DA:64,3
DA:71,2
DA:78,3
DA:87,3
DA:127,3
DA:158,3
DA:175,5
DA:176,5
DA:179,5
DA:182,5
DA:184,5
DA:210,4
DA:221,4
DA:223,4
DA:261,3
DA:267,2
LF:33
LH:33
BRDA:44,0,0,1
BRDA:44,0,1,5
BRDA:49,1,0,1
BRDA:49,1,1,4
BRDA:175,2,0,1
BRDA:175,2,1,4
BRDA:179,3,0,1
BRDA:179,3,1,4
BRDA:221,4,0,1
BRDA:221,4,1,3
BRF:10
BRH:10
end_of_record
TN:
SF:src\repositories\ReviewRepository.ts
FN:17,(anonymous_0)
FN:27,(anonymous_1)
FN:73,(anonymous_2)
FN:112,(anonymous_3)
FN:117,(anonymous_4)
FN:128,(anonymous_5)
FN:174,(anonymous_6)
FN:189,(anonymous_7)
FN:203,(anonymous_8)
FN:219,(anonymous_9)
FN:240,(anonymous_10)
FN:253,(anonymous_11)
FN:303,(anonymous_12)
FNF:13
FNH:13
FNDA:4,(anonymous_0)
FNDA:3,(anonymous_1)
FNDA:3,(anonymous_2)
FNDA:2,(anonymous_3)
FNDA:2,(anonymous_4)
FNDA:3,(anonymous_5)
FNDA:2,(anonymous_6)
FNDA:3,(anonymous_7)
FNDA:3,(anonymous_8)
FNDA:3,(anonymous_9)
FNDA:2,(anonymous_10)
FNDA:5,(anonymous_11)
FNDA:4,(anonymous_12)
DA:1,2
DA:2,2
DA:3,2
DA:4,2
DA:5,2
DA:6,2
DA:18,4
DA:19,3
DA:28,3
DA:60,2
DA:61,1
DA:74,3
DA:112,2
DA:117,2
DA:129,3
DA:174,2
DA:190,3
DA:191,3
DA:193,2
DA:194,2
DA:195,1
DA:204,3
DA:211,2
DA:220,3
DA:240,2
DA:260,5
DA:264,5
DA:303,4
DA:311,2
LF:29
LH:29
BRDA:60,0,0,1
BRDA:60,0,1,1
BRDA:63,1,0,1
BRDA:63,1,1,1
BRDA:63,2,0,1
BRDA:63,2,1,1
BRDA:64,3,0,1
BRDA:64,3,1,1
BRDA:64,4,0,1
BRDA:64,4,1,1
BRDA:114,5,0,2
BRDA:114,5,1,2
BRDA:114,6,0,2
BRDA:114,6,1,2
BRDA:115,7,0,2
BRDA:115,7,1,2
BRDA:115,8,0,2
BRDA:115,8,1,2
BRDA:119,9,0,2
BRDA:119,9,1,2
BRDA:176,10,0,2
BRDA:176,10,1,2
BRDA:177,11,0,2
BRDA:177,11,1,2
BRDA:179,12,0,2
BRDA:179,12,1,2
BRDA:180,13,0,2
BRDA:180,13,1,2
BRDA:191,14,0,1
BRDA:191,14,1,2
BRDA:242,15,0,2
BRDA:242,15,1,0
BRDA:243,16,0,2
BRDA:243,16,1,0
BRDA:255,17,0,3
BRDA:260,18,0,5
BRDA:260,18,1,0
BRDA:260,19,0,5
BRDA:260,19,1,4
BRDA:260,19,2,3
BRDA:305,20,0,4
BRDA:305,20,1,4
BRDA:306,21,0,4
BRDA:306,21,1,4
BRF:44
BRH:41
end_of_record
TN:
SF:src\repositories\UserRepository.ts
FN:12,(anonymous_0)
FN:21,(anonymous_1)
FN:29,(anonymous_2)
FN:37,(anonymous_3)
FN:46,(anonymous_4)
FN:66,(anonymous_5)
FNF:6
FNH:6
FNDA:3,(anonymous_0)
FNDA:3,(anonymous_1)
FNDA:3,(anonymous_2)
FNDA:3,(anonymous_3)
FNDA:5,(anonymous_4)
FNDA:3,(anonymous_5)
DA:1,2
DA:13,3
DA:14,2
DA:22,3
DA:30,3
DA:38,3
DA:47,5
DA:48,5
DA:50,4
DA:51,4
DA:52,4
DA:53,1
DA:54,4
DA:55,2
DA:57,4
DA:58,3
DA:67,3
DA:68,2
DA:72,2
LF:19
LH:19
BRDA:48,0,0,1
BRDA:48,0,1,4
BRDA:50,1,0,4
BRDA:50,1,1,0
BRDA:52,2,0,1
BRDA:52,2,1,3
BRDA:54,3,0,2
BRDA:54,3,1,2
BRF:8
BRH:7
end_of_record
TN:
SF:src\repositories\VoteRestaurantRepository.ts
FN:12,(anonymous_1)
FN:23,(anonymous_2)
FN:31,(anonymous_3)
FN:46,(anonymous_4)
FN:57,(anonymous_5)
FN:63,(anonymous_6)
FN:64,(anonymous_7)
FNF:7
FNH:7
FNDA:3,(anonymous_1)
FNDA:3,(anonymous_2)
FNDA:3,(anonymous_3)
FNDA:3,(anonymous_4)
FNDA:3,(anonymous_5)
FNDA:3,(anonymous_6)
FNDA:3,(anonymous_7)
DA:1,2
DA:13,3
DA:14,2
DA:24,3
DA:32,3
DA:33,3
DA:35,2
DA:36,2
DA:37,1
DA:47,3
DA:50,2
DA:58,3
DA:63,3
DA:64,3
DA:66,2
DA:70,2
LF:16
LH:16
BRDA:33,0,0,1
BRDA:33,0,1,2
BRF:2
BRH:2
end_of_record
TN:
SF:src\repositories\VoteReviewRepository.ts
FN:12,(anonymous_1)
FN:21,(anonymous_2)
FN:36,(anonymous_3)
FN:49,(anonymous_4)
FN:57,(anonymous_5)
FN:65,(anonymous_6)
FN:71,(anonymous_7)
FN:72,(anonymous_8)
FNF:8
FNH:8
FNDA:3,(anonymous_1)
FNDA:3,(anonymous_2)
FNDA:3,(anonymous_3)
FNDA:3,(anonymous_4)
FNDA:3,(anonymous_5)
FNDA:3,(anonymous_6)
FNDA:3,(anonymous_7)
FNDA:3,(anonymous_8)
DA:1,2
DA:13,3
DA:14,2
DA:22,3
DA:23,3
DA:25,2
DA:26,2
DA:27,1
DA:37,3
DA:40,2
DA:50,3
DA:58,3
DA:66,3
DA:71,3
DA:72,3
DA:74,2
DA:79,2
LF:17
LH:17
BRDA:23,0,0,1
BRDA:23,0,1,2
BRF:2
BRH:2
end_of_record
TN:
SF:src\services\NotificationService.ts
FN:14,(anonymous_1)
FN:23,(anonymous_2)
FN:33,(anonymous_3)
FN:41,(anonymous_4)
FN:51,(anonymous_5)
FN:63,(anonymous_6)
FN:72,(anonymous_7)
FN:87,(anonymous_8)
FNF:8
FNH:8
FNDA:1,(anonymous_1)
FNDA:2,(anonymous_2)
FNDA:2,(anonymous_3)
FNDA:1,(anonymous_4)
FNDA:3,(anonymous_5)
FNDA:1,(anonymous_6)
FNDA:3,(anonymous_7)
FNDA:3,(anonymous_8)
DA:1,1
DA:3,1
DA:15,1
DA:24,2
DA:25,2
DA:26,1
DA:34,2
DA:42,1
DA:52,3
DA:53,3
DA:54,2
DA:56,1
DA:64,1
DA:73,3
DA:74,3
DA:76,2
DA:77,1
DA:79,1
DA:88,3
DA:92,1
LF:20
LH:20
BRDA:25,0,0,1
BRDA:25,0,1,1
BRDA:53,1,0,1
BRDA:53,1,1,2
BRDA:54,2,0,1
BRDA:54,2,1,1
BRDA:74,3,0,1
BRDA:74,3,1,2
BRDA:76,4,0,1
BRDA:76,4,1,1
BRF:10
BRH:10
end_of_record
TN:
SF:src\services\RestaurantService.ts
FN:17,(anonymous_1)
FN:41,(anonymous_2)
FN:48,(anonymous_3)
FN:56,(anonymous_4)
FN:69,(anonymous_5)
FN:124,(anonymous_6)
FN:147,(anonymous_7)
FN:163,(anonymous_8)
FN:166,(anonymous_9)
FN:172,(anonymous_10)
FN:181,(anonymous_11)
FN:184,(anonymous_12)
FN:190,(anonymous_13)
FN:198,(anonymous_14)
FN:207,(anonymous_15)
FN:216,(anonymous_16)
FN:231,(anonymous_17)
FN:248,(anonymous_18)
FNF:18
FNH:18
FNDA:4,(anonymous_1)
FNDA:2,(anonymous_2)
FNDA:2,(anonymous_3)
FNDA:2,(anonymous_4)
FNDA:7,(anonymous_5)
FNDA:7,(anonymous_6)
FNDA:10,(anonymous_7)
FNDA:2,(anonymous_8)
FNDA:3,(anonymous_9)
FNDA:2,(anonymous_10)
FNDA:2,(anonymous_11)
FNDA:3,(anonymous_12)
FNDA:4,(anonymous_13)
FNDA:2,(anonymous_14)
FNDA:2,(anonymous_15)
FNDA:2,(anonymous_16)
FNDA:4,(anonymous_17)
FNDA:7,(anonymous_18)
DA:1,1
DA:3,1
DA:4,1
DA:5,1
DA:19,4
DA:20,4
DA:26,4
DA:27,4
DA:34,4
DA:42,2
DA:49,2
DA:57,2
DA:76,7
DA:77,7
DA:80,6
DA:81,1
DA:85,5
DA:90,1
DA:94,4
DA:95,2
DA:102,4
DA:103,2
DA:111,4
DA:112,1
DA:115,4
DA:116,4
DA:125,7
DA:126,7
DA:128,6
DA:129,1
DA:132,5
DA:133,5
DA:136,4
DA:137,4
DA:148,10
DA:149,10
DA:150,9
DA:151,9
DA:164,2
DA:166,3
DA:171,2
DA:172,2
DA:182,2
DA:184,3
DA:189,2
DA:190,4
DA:199,2
DA:200,2
DA:201,1
DA:208,2
DA:217,2
DA:219,1
DA:221,1
DA:232,4
DA:233,1
DA:235,3
DA:236,1
DA:238,2
DA:239,1
DA:241,1
DA:249,7
DA:251,5
DA:253,5
DA:254,2
DA:255,2
DA:257,1
DA:264,1
LF:67
LH:67
BRDA:19,0,0,4
BRDA:19,0,1,0
BRDA:26,1,0,4
BRDA:26,1,1,0
BRDA:77,2,0,1
BRDA:77,2,1,6
BRDA:80,3,0,1
BRDA:80,3,1,5
BRDA:85,4,0,1
BRDA:85,4,1,4
BRDA:86,5,0,5
BRDA:86,5,1,3
BRDA:86,5,2,2
BRDA:94,6,0,2
BRDA:94,6,1,2
BRDA:102,7,0,2
BRDA:102,7,1,2
BRDA:111,8,0,1
BRDA:111,8,1,3
BRDA:126,9,0,1
BRDA:126,9,1,6
BRDA:128,10,0,1
BRDA:128,10,1,5
BRDA:132,11,0,5
BRDA:132,11,1,0
BRDA:137,12,0,1
BRDA:137,12,1,3
BRDA:147,13,0,9
BRDA:149,14,0,1
BRDA:149,14,1,9
BRDA:200,15,0,1
BRDA:200,15,1,1
BRDA:217,16,0,1
BRDA:217,16,1,1
BRDA:232,17,0,1
BRDA:232,17,1,3
BRDA:232,18,0,4
BRDA:232,18,1,4
BRDA:232,18,2,4
BRDA:235,19,0,1
BRDA:235,19,1,2
BRDA:235,20,0,3
BRDA:235,20,1,3
BRDA:235,20,2,3
BRDA:238,21,0,1
BRDA:238,21,1,1
BRDA:238,22,0,2
BRDA:238,22,1,2
BRDA:238,22,2,1
BRDA:249,23,0,2
BRDA:249,23,1,5
BRDA:253,24,0,2
BRDA:253,24,1,3
BRF:53
BRH:50
end_of_record
TN:
SF:src\services\ReviewService.ts
FN:18,(anonymous_1)
FN:38,(anonymous_2)
FN:46,(anonymous_3)
FN:56,(anonymous_4)
FN:68,(anonymous_5)
FN:74,(anonymous_6)
FN:91,(anonymous_7)
FN:120,(anonymous_8)
FN:139,(anonymous_9)
FN:155,(anonymous_10)
FN:158,(anonymous_11)
FN:165,(anonymous_12)
FN:177,(anonymous_13)
FN:195,(anonymous_14)
FN:196,(anonymous_15)
FN:202,(anonymous_16)
FN:205,(anonymous_17)
FN:209,(anonymous_18)
FN:225,(anonymous_19)
FN:228,(anonymous_20)
FN:242,(anonymous_21)
FN:244,(anonymous_22)
FN:250,(anonymous_23)
FN:252,(anonymous_24)
FN:253,(anonymous_25)
FN:255,(anonymous_26)
FNF:26
FNH:26
FNDA:4,(anonymous_1)
FNDA:2,(anonymous_2)
FNDA:2,(anonymous_3)
FNDA:1,(anonymous_4)
FNDA:4,(anonymous_5)
FNDA:5,(anonymous_6)
FNDA:5,(anonymous_7)
FNDA:4,(anonymous_8)
FNDA:16,(anonymous_9)
FNDA:5,(anonymous_10)
FNDA:11,(anonymous_11)
FNDA:12,(anonymous_12)
FNDA:8,(anonymous_13)
FNDA:11,(anonymous_14)
FNDA:16,(anonymous_15)
FNDA:1,(anonymous_16)
FNDA:1,(anonymous_17)
FNDA:3,(anonymous_18)
FNDA:5,(anonymous_19)
FNDA:9,(anonymous_20)
FNDA:9,(anonymous_21)
FNDA:9,(anonymous_22)
FNDA:9,(anonymous_23)
FNDA:8,(anonymous_24)
FNDA:9,(anonymous_25)
FNDA:1,(anonymous_26)
DA:1,1
DA:2,1
DA:4,1
DA:20,4
DA:21,1
DA:25,3
DA:31,3
DA:39,2
DA:47,2
DA:60,1
DA:69,4
DA:70,4
DA:72,3
DA:74,3
DA:75,5
DA:76,4
DA:77,2
DA:78,2
DA:80,2
DA:83,3
DA:92,5
DA:93,5
DA:96,4
DA:97,1
DA:100,3
DA:101,1
DA:105,2
DA:111,2
DA:112,2
DA:121,4
DA:122,4
DA:124,3
DA:125,1
DA:128,2
DA:129,2
DA:140,16
DA:141,16
DA:142,14
DA:143,14
DA:156,5
DA:158,11
DA:164,4
DA:165,12
DA:168,4
DA:183,8
DA:184,1
DA:187,7
DA:188,7
DA:190,7
DA:191,7
DA:193,7
DA:195,7
DA:196,16
DA:197,11
DA:200,7
DA:202,1
DA:203,1
DA:205,1
DA:206,1
DA:209,5
DA:210,3
DA:211,3
DA:212,3
DA:214,5
DA:217,7
DA:226,5
DA:228,9
DA:241,4
DA:242,9
DA:244,4
DA:245,9
DA:246,5
DA:250,9
DA:252,4
DA:253,8
DA:254,9
DA:255,4
DA:256,4
DA:261,4
DA:263,4
DA:267,1
LF:81
LH:81
BRDA:20,0,0,1
BRDA:20,0,1,3
BRDA:20,1,0,4
BRDA:20,1,1,4
BRDA:58,2,0,1
BRDA:70,3,0,1
BRDA:70,3,1,3
BRDA:76,4,0,2
BRDA:76,4,1,2
BRDA:78,5,0,1
BRDA:78,5,1,1
BRDA:93,6,0,1
BRDA:93,6,1,4
BRDA:96,7,0,1
BRDA:96,7,1,3
BRDA:100,8,0,1
BRDA:100,8,1,2
BRDA:100,9,0,3
BRDA:100,9,1,3
BRDA:122,10,0,1
BRDA:122,10,1,3
BRDA:124,11,0,1
BRDA:124,11,1,2
BRDA:129,12,0,1
BRDA:129,12,1,1
BRDA:139,13,0,16
BRDA:141,14,0,2
BRDA:141,14,1,14
BRDA:179,15,0,4
BRDA:183,16,0,1
BRDA:183,16,1,7
BRDA:188,17,0,1
BRDA:188,17,1,6
BRDA:197,18,0,11
BRDA:197,18,1,1
BRDA:200,19,0,1
BRDA:200,19,1,1
BRDA:200,19,2,5
BRDA:200,19,3,5
BRDA:210,20,0,3
BRDA:210,20,1,0
BRDA:210,21,0,3
BRDA:210,21,1,0
BRDA:211,22,0,3
BRDA:211,22,1,1
BRDA:211,23,0,3
BRDA:211,23,1,1
BRDA:226,24,0,1
BRDA:226,24,1,4
BRDA:226,25,0,5
BRDA:226,25,1,5
BRDA:232,26,0,0
BRDA:232,26,1,9
BRDA:234,27,0,5
BRDA:234,27,1,4
BRDA:236,28,0,9
BRDA:236,28,1,8
BRDA:237,29,0,9
BRDA:237,29,1,8
BRDA:245,30,0,5
BRDA:245,30,1,4
BRDA:245,31,0,9
BRDA:245,31,1,5
BRDA:254,32,0,4
BRDA:254,32,1,5
BRF:65
BRH:62
end_of_record
TN:
SF:src\services\UserService.ts
FN:21,(anonymous_1)
FN:70,(anonymous_2)
FN:100,(anonymous_3)
FN:148,(anonymous_4)
FN:160,(anonymous_5)
FN:180,(anonymous_6)
FN:201,(anonymous_7)
FN:214,(anonymous_8)
FN:222,(anonymous_9)
FNF:9
FNH:9
FNDA:8,(anonymous_1)
FNDA:8,(anonymous_2)
FNDA:8,(anonymous_3)
FNDA:2,(anonymous_4)
FNDA:3,(anonymous_5)
FNDA:4,(anonymous_6)
FNDA:3,(anonymous_7)
FNDA:2,(anonymous_8)
FNDA:3,(anonymous_9)
DA:1,1
DA:2,1
DA:4,1
DA:5,1
DA:7,1
DA:22,8
DA:23,1
DA:26,7
DA:31,7
DA:32,1
DA:35,6
DA:37,6
DA:38,1
DA:41,5
DA:42,5
DA:43,1
DA:45,4
DA:46,1
DA:49,3
DA:50,3
DA:52,2
DA:53,2
DA:55,1
DA:57,1
DA:58,1
DA:60,1
DA:72,8
DA:73,2
DA:75,6
DA:76,2
DA:79,4
DA:82,4
DA:86,4
DA:88,3
DA:89,3
DA:91,2
DA:105,8
DA:106,8
DA:109,7
DA:110,3
DA:115,3
DA:116,1
DA:118,2
DA:119,2
DA:120,1
DA:122,1
DA:126,5
DA:127,2
DA:128,1
DA:129,1
DA:133,4
DA:134,2
DA:135,1
DA:137,1
DA:140,3
DA:141,3
DA:149,2
DA:150,2
DA:161,3
DA:162,2
DA:164,2
DA:165,2
DA:171,1
DA:181,4
DA:182,1
DA:184,3
DA:185,3
DA:187,2
DA:188,2
DA:190,1
DA:191,1
DA:192,1
DA:194,1
DA:202,3
DA:203,3
DA:215,2
DA:223,3
DA:224,2
DA:228,1
LF:79
LH:79
BRDA:22,0,0,1
BRDA:22,0,1,7
BRDA:22,1,0,8
BRDA:22,1,1,7
BRDA:22,1,2,7
BRDA:31,2,0,1
BRDA:31,2,1,6
BRDA:37,3,0,1
BRDA:37,3,1,5
BRDA:42,4,0,1
BRDA:42,4,1,4
BRDA:45,5,0,1
BRDA:45,5,1,3
BRDA:50,6,0,1
BRDA:50,6,1,2
BRDA:53,7,0,1
BRDA:53,7,1,1
BRDA:72,8,0,2
BRDA:72,8,1,6
BRDA:72,9,0,8
BRDA:72,9,1,7
BRDA:75,10,0,2
BRDA:75,10,1,4
BRDA:75,11,0,6
BRDA:75,11,1,5
BRDA:82,12,0,4
BRDA:82,12,1,2
BRDA:86,13,0,1
BRDA:86,13,1,3
BRDA:89,14,0,1
BRDA:89,14,1,2
BRDA:106,15,0,1
BRDA:106,15,1,7
BRDA:109,16,0,3
BRDA:109,16,1,4
BRDA:115,17,0,1
BRDA:115,17,1,2
BRDA:119,18,0,1
BRDA:119,18,1,1
BRDA:119,19,0,2
BRDA:119,19,1,1
BRDA:126,20,0,2
BRDA:126,20,1,3
BRDA:127,21,0,1
BRDA:127,21,1,1
BRDA:127,22,0,2
BRDA:127,22,1,2
BRDA:133,23,0,2
BRDA:133,23,1,2
BRDA:134,24,0,1
BRDA:134,24,1,1
BRDA:150,25,0,1
BRDA:150,25,1,1
BRDA:181,26,0,1
BRDA:181,26,1,3
BRDA:185,27,0,1
BRDA:185,27,1,2
BRDA:188,28,0,1
BRDA:188,28,1,1
BRDA:204,29,0,3
BRDA:204,29,1,2
BRDA:204,29,2,1
BRDA:224,30,0,1
BRDA:224,30,1,1
BRF:64
BRH:64
end_of_record
TN:
SF:src\services\VoteRestaurantService.ts
FN:23,(anonymous_1)
FN:64,(anonymous_2)
FN:77,(anonymous_3)
FNF:3
FNH:3
FNDA:4,(anonymous_1)
FNDA:3,(anonymous_2)
FNDA:2,(anonymous_3)
DA:1,1
DA:2,1
DA:3,1
DA:4,1
DA:30,4
DA:31,4
DA:33,3
DA:38,3
DA:39,1
DA:44,1
DA:45,1
DA:48,2
DA:49,1
DA:50,1
DA:53,1
DA:54,1
DA:56,1
DA:65,3
DA:66,1
DA:68,2
DA:78,2
DA:82,1
LF:22
LH:22
BRDA:31,0,0,1
BRDA:31,0,1,3
BRDA:38,1,0,1
BRDA:38,1,1,2
BRDA:48,2,0,1
BRDA:48,2,1,1
BRDA:65,3,0,1
BRDA:65,3,1,2
BRF:8
BRH:8
end_of_record
TN:
SF:src\services\VoteReviewService.ts
FN:23,(anonymous_1)
FN:64,(anonymous_2)
FN:73,(anonymous_3)
FNF:3
FNH:3
FNDA:4,(anonymous_1)
FNDA:2,(anonymous_2)
FNDA:3,(anonymous_3)
DA:1,1
DA:2,1
DA:3,1
DA:4,1
DA:30,4
DA:31,1
DA:34,3
DA:36,3
DA:37,1
DA:43,1
DA:44,1
DA:47,2
DA:48,1
DA:49,1
DA:52,1
DA:53,1
DA:55,1
DA:65,2
DA:74,3
DA:75,1
DA:78,2
DA:83,1
LF:22
LH:22
BRDA:30,0,0,1
BRDA:30,0,1,3
BRDA:36,1,0,1
BRDA:36,1,1,2
BRDA:47,2,0,1
BRDA:47,2,1,1
BRDA:74,3,0,1
BRDA:74,3,1,2
BRF:8
BRH:8
end_of_record
TN:
SF:src\utils\AppError.ts
FN:14,(anonymous_0)
FNF:1
FNH:1
FNDA:81,(anonymous_0)
DA:6,6
DA:15,81
DA:16,81
DA:19,81
LF:4
LH:4
BRF:0
BRH:0
end_of_record
TN:
SF:src\utils\email.ts
FN:27,(anonymous_1)
FNF:1
FNH:1
FNDA:1,(anonymous_1)
DA:1,2
DA:8,2
DA:27,2
DA:33,1
LF:4
LH:4
BRDA:10,0,0,1
BRDA:10,0,1,1
BRF:2
BRH:2
end_of_record
TN:
SF:src\utils\hash.ts
FN:16,(anonymous_1)
FN:27,(anonymous_2)
FNF:2
FNH:2
FNDA:2,(anonymous_1)
FNDA:2,(anonymous_2)
DA:1,8
DA:8,8
DA:16,8
DA:17,2
DA:27,8
DA:28,2
LF:6
LH:6
BRF:0
BRH:0
end_of_record
